[1.073s] DEBUG:colcon:Command line arguments: ['/usr/bin/colcon', 'build']
[1.073s] DEBUG:colcon:Parsed command line arguments: Namespace(log_base=None, log_level=None, verb_name='build', build_base='build', install_base='install', merge_install=False, symlink_install=False, test_result_base=None, continue_on_error=False, executor='parallel', parallel_workers=4, event_handlers=None, ignore_user_meta=False, metas=['./colcon.meta'], base_paths=['.'], packages_ignore=None, packages_ignore_regex=None, paths=None, packages_up_to=None, packages_up_to_regex=None, packages_above=None, packages_above_and_dependencies=None, packages_above_depth=None, packages_select_by_dep=None, packages_skip_by_dep=None, packages_skip_up_to=None, packages_select_build_failed=False, packages_skip_build_finished=False, packages_select_test_failures=False, packages_skip_test_passed=False, packages_select=None, packages_skip=None, packages_select_regex=None, packages_skip_regex=None, packages_start=None, packages_end=None, allow_overriding=[], cmake_args=None, cmake_target=None, cmake_target_skip_unavailable=False, cmake_clean_cache=False, cmake_clean_first=False, cmake_force_configure=False, ament_cmake_args=None, catkin_cmake_args=None, catkin_skip_building_tests=False, verb_parser=<colcon_defaults.argument_parser.defaults.DefaultArgumentsDecorator object at 0x754dc74521a0>, verb_extension=<colcon_core.verb.build.BuildVerb object at 0x754dc7451570>, main=<bound method BuildVerb.main of <colcon_core.verb.build.BuildVerb object at 0x754dc7451570>>)
[1.129s] Level 1:colcon.colcon_core.package_discovery:discover_packages(colcon_meta) check parameters
[1.130s] Level 1:colcon.colcon_core.package_discovery:discover_packages(recursive) check parameters
[1.130s] Level 1:colcon.colcon_core.package_discovery:discover_packages(ignore) check parameters
[1.130s] Level 1:colcon.colcon_core.package_discovery:discover_packages(path) check parameters
[1.130s] Level 1:colcon.colcon_core.package_discovery:discover_packages(colcon_meta) discover
[1.130s] Level 1:colcon.colcon_core.package_discovery:discover_packages(recursive) discover
[1.130s] INFO:colcon.colcon_core.package_discovery:Crawling recursively for packages in '/home/robot/ydlidar_ros2_driver'
[1.130s] Level 1:colcon.colcon_core.package_identification:_identify(.) by extensions ['ignore', 'ignore_ament_install']
[1.130s] Level 1:colcon.colcon_core.package_identification:_identify(.) by extension 'ignore'
[1.130s] Level 1:colcon.colcon_core.package_identification:_identify(.) by extension 'ignore_ament_install'
[1.130s] Level 1:colcon.colcon_core.package_identification:_identify(.) by extensions ['colcon_pkg']
[1.130s] Level 1:colcon.colcon_core.package_identification:_identify(.) by extension 'colcon_pkg'
[1.130s] Level 1:colcon.colcon_core.package_identification:_identify(.) by extensions ['colcon_meta']
[1.130s] Level 1:colcon.colcon_core.package_identification:_identify(.) by extension 'colcon_meta'
[1.130s] Level 1:colcon.colcon_core.package_identification:_identify(.) by extensions ['ros']
[1.130s] Level 1:colcon.colcon_core.package_identification:_identify(.) by extension 'ros'
[1.145s] DEBUG:colcon.colcon_core.package_identification:Package '.' with type 'ros.ament_cmake' and name 'ydlidar_ros2_driver'
[1.145s] Level 1:colcon.colcon_core.package_discovery:discover_packages(recursive) using defaults
[1.145s] Level 1:colcon.colcon_core.package_discovery:discover_packages(ignore) discover
[1.145s] Level 1:colcon.colcon_core.package_discovery:discover_packages(ignore) using defaults
[1.146s] Level 1:colcon.colcon_core.package_discovery:discover_packages(path) discover
[1.146s] Level 1:colcon.colcon_core.package_discovery:discover_packages(path) using defaults
[1.242s] Level 1:colcon.colcon_core.package_discovery:discover_packages(prefix_path) check parameters
[1.242s] Level 1:colcon.colcon_core.package_discovery:discover_packages(prefix_path) discover
[1.274s] DEBUG:colcon.colcon_installed_package_information.package_discovery:Found 1 installed packages in /home/robot/ydlidar_ros2_driver/install
[1.298s] DEBUG:colcon.colcon_installed_package_information.package_discovery:Found 1 installed packages in /home/robot/ldlidar_ros2_ws/install
[1.313s] DEBUG:colcon.colcon_installed_package_information.package_discovery:Found 1 installed packages in /home/robot/install
[1.328s] DEBUG:colcon.colcon_installed_package_information.package_discovery:Found 13 installed packages in /home/robot/turtlebot3_ws/install
[1.343s] DEBUG:colcon.colcon_installed_package_information.package_discovery:Found 4 installed packages in /home/robot/ros2_ws/install
[1.358s] DEBUG:colcon.colcon_installed_package_information.package_discovery:Found 18 installed packages in /home/robot/robot_ws/install
[1.375s] DEBUG:colcon.colcon_installed_package_information.package_discovery:Found 400 installed packages in /opt/ros/humble
[1.377s] Level 1:colcon.colcon_core.package_discovery:discover_packages(prefix_path) using defaults
[1.486s] Level 5:colcon.colcon_core.verb:set package 'ydlidar_ros2_driver' build argument 'cmake_args' from command line to 'None'
[1.486s] Level 5:colcon.colcon_core.verb:set package 'ydlidar_ros2_driver' build argument 'cmake_target' from command line to 'None'
[1.486s] Level 5:colcon.colcon_core.verb:set package 'ydlidar_ros2_driver' build argument 'cmake_target_skip_unavailable' from command line to 'False'
[1.486s] Level 5:colcon.colcon_core.verb:set package 'ydlidar_ros2_driver' build argument 'cmake_clean_cache' from command line to 'False'
[1.486s] Level 5:colcon.colcon_core.verb:set package 'ydlidar_ros2_driver' build argument 'cmake_clean_first' from command line to 'False'
[1.486s] Level 5:colcon.colcon_core.verb:set package 'ydlidar_ros2_driver' build argument 'cmake_force_configure' from command line to 'False'
[1.486s] Level 5:colcon.colcon_core.verb:set package 'ydlidar_ros2_driver' build argument 'ament_cmake_args' from command line to 'None'
[1.486s] Level 5:colcon.colcon_core.verb:set package 'ydlidar_ros2_driver' build argument 'catkin_cmake_args' from command line to 'None'
[1.486s] Level 5:colcon.colcon_core.verb:set package 'ydlidar_ros2_driver' build argument 'catkin_skip_building_tests' from command line to 'False'
[1.486s] DEBUG:colcon.colcon_core.verb:Building package 'ydlidar_ros2_driver' with the following arguments: {'ament_cmake_args': None, 'build_base': '/home/robot/ydlidar_ros2_driver/build/ydlidar_ros2_driver', 'catkin_cmake_args': None, 'catkin_skip_building_tests': False, 'cmake_args': None, 'cmake_clean_cache': False, 'cmake_clean_first': False, 'cmake_force_configure': False, 'cmake_target': None, 'cmake_target_skip_unavailable': False, 'install_base': '/home/robot/ydlidar_ros2_driver/install/ydlidar_ros2_driver', 'merge_install': False, 'path': '/home/robot/ydlidar_ros2_driver', 'symlink_install': False, 'test_result_base': None}
[1.501s] INFO:colcon.colcon_core.executor:Executing jobs using 'parallel' executor
[1.516s] DEBUG:colcon.colcon_parallel_executor.executor.parallel:run_until_complete
[1.516s] INFO:colcon.colcon_ros.task.ament_cmake.build:Building ROS package in '/home/robot/ydlidar_ros2_driver' with build type 'ament_cmake'
[1.517s] INFO:colcon.colcon_cmake.task.cmake.build:Building CMake package in '/home/robot/ydlidar_ros2_driver'
[1.534s] INFO:colcon.colcon_core.plugin_system:Skipping extension 'colcon_core.shell.bat': Not used on non-Windows systems
[1.534s] INFO:colcon.colcon_core.shell:Skip shell extension 'powershell' for command environment: Not usable outside of PowerShell
[1.534s] DEBUG:colcon.colcon_core.shell:Skip shell extension 'dsv' for command environment
[1.666s] DEBUG:colcon.colcon_core.event_handler.log_command:Invoking command in '/home/robot/ydlidar_ros2_driver/build/ydlidar_ros2_driver': CMAKE_PREFIX_PATH=${CMAKE_PREFIX_PATH}:/home/robot/robot_ws/install/urdf_tutorial:/home/robot/turtlebot3_ws/install/turtlebot3_teleop:/home/robot/turtlebot3_ws/install/turtlebot3_example:/opt/ros/humble /usr/bin/cmake --build /home/robot/ydlidar_ros2_driver/build/ydlidar_ros2_driver -- -j4 -l4
[1.766s] DEBUG:colcon.colcon_core.event_handler.log_command:Invoked command in '/home/robot/ydlidar_ros2_driver/build/ydlidar_ros2_driver' returned '0': CMAKE_PREFIX_PATH=${CMAKE_PREFIX_PATH}:/home/robot/robot_ws/install/urdf_tutorial:/home/robot/turtlebot3_ws/install/turtlebot3_teleop:/home/robot/turtlebot3_ws/install/turtlebot3_example:/opt/ros/humble /usr/bin/cmake --build /home/robot/ydlidar_ros2_driver/build/ydlidar_ros2_driver -- -j4 -l4
[1.832s] DEBUG:colcon.colcon_core.event_handler.log_command:Invoking command in '/home/robot/ydlidar_ros2_driver/build/ydlidar_ros2_driver': CMAKE_PREFIX_PATH=${CMAKE_PREFIX_PATH}:/home/robot/robot_ws/install/urdf_tutorial:/home/robot/turtlebot3_ws/install/turtlebot3_teleop:/home/robot/turtlebot3_ws/install/turtlebot3_example:/opt/ros/humble /usr/bin/cmake --install /home/robot/ydlidar_ros2_driver/build/ydlidar_ros2_driver
[1.871s] Level 1:colcon.colcon_core.environment:create_environment_scripts_only(ydlidar_ros2_driver)
[1.876s] DEBUG:colcon.colcon_core.event_handler.log_command:Invoked command in '/home/robot/ydlidar_ros2_driver/build/ydlidar_ros2_driver' returned '0': CMAKE_PREFIX_PATH=${CMAKE_PREFIX_PATH}:/home/robot/robot_ws/install/urdf_tutorial:/home/robot/turtlebot3_ws/install/turtlebot3_teleop:/home/robot/turtlebot3_ws/install/turtlebot3_example:/opt/ros/humble /usr/bin/cmake --install /home/robot/ydlidar_ros2_driver/build/ydlidar_ros2_driver
[1.892s] Level 1:colcon.colcon_core.environment:checking '/home/robot/ydlidar_ros2_driver/install/ydlidar_ros2_driver' for CMake module files
[1.893s] Level 1:colcon.colcon_core.environment:checking '/home/robot/ydlidar_ros2_driver/install/ydlidar_ros2_driver' for CMake config files
[1.894s] Level 1:colcon.colcon_core.shell:create_environment_hook('ydlidar_ros2_driver', 'cmake_prefix_path')
[1.912s] INFO:colcon.colcon_core.shell:Creating environment hook '/home/robot/ydlidar_ros2_driver/install/ydlidar_ros2_driver/share/ydlidar_ros2_driver/hook/cmake_prefix_path.ps1'
[1.913s] INFO:colcon.colcon_core.shell:Creating environment descriptor '/home/robot/ydlidar_ros2_driver/install/ydlidar_ros2_driver/share/ydlidar_ros2_driver/hook/cmake_prefix_path.dsv'
[1.914s] INFO:colcon.colcon_core.shell:Creating environment hook '/home/robot/ydlidar_ros2_driver/install/ydlidar_ros2_driver/share/ydlidar_ros2_driver/hook/cmake_prefix_path.sh'
[1.915s] Level 1:colcon.colcon_core.environment:checking '/home/robot/ydlidar_ros2_driver/install/ydlidar_ros2_driver/lib'
[1.915s] Level 1:colcon.colcon_core.environment:checking '/home/robot/ydlidar_ros2_driver/install/ydlidar_ros2_driver/bin'
[1.915s] Level 1:colcon.colcon_core.environment:checking '/home/robot/ydlidar_ros2_driver/install/ydlidar_ros2_driver/lib/pkgconfig/ydlidar_ros2_driver.pc'
[1.916s] Level 1:colcon.colcon_core.environment:checking '/home/robot/ydlidar_ros2_driver/install/ydlidar_ros2_driver/lib/python3.10/site-packages'
[1.916s] Level 1:colcon.colcon_core.environment:checking '/home/robot/ydlidar_ros2_driver/install/ydlidar_ros2_driver/bin'
[1.937s] INFO:colcon.colcon_core.shell:Creating package script '/home/robot/ydlidar_ros2_driver/install/ydlidar_ros2_driver/share/ydlidar_ros2_driver/package.ps1'
[1.938s] INFO:colcon.colcon_core.shell:Creating package descriptor '/home/robot/ydlidar_ros2_driver/install/ydlidar_ros2_driver/share/ydlidar_ros2_driver/package.dsv'
[1.939s] INFO:colcon.colcon_core.shell:Creating package script '/home/robot/ydlidar_ros2_driver/install/ydlidar_ros2_driver/share/ydlidar_ros2_driver/package.sh'
[1.940s] INFO:colcon.colcon_core.shell:Creating package script '/home/robot/ydlidar_ros2_driver/install/ydlidar_ros2_driver/share/ydlidar_ros2_driver/package.bash'
[1.941s] INFO:colcon.colcon_core.shell:Creating package script '/home/robot/ydlidar_ros2_driver/install/ydlidar_ros2_driver/share/ydlidar_ros2_driver/package.zsh'
[1.941s] Level 1:colcon.colcon_core.environment:create_file_with_runtime_dependencies(/home/robot/ydlidar_ros2_driver/install/ydlidar_ros2_driver/share/colcon-core/packages/ydlidar_ros2_driver)
[1.998s] Level 1:colcon.colcon_core.environment:create_environment_scripts_only(ydlidar_ros2_driver)
[2.017s] Level 1:colcon.colcon_core.environment:checking '/home/robot/ydlidar_ros2_driver/install/ydlidar_ros2_driver' for CMake module files
[2.018s] Level 1:colcon.colcon_core.environment:checking '/home/robot/ydlidar_ros2_driver/install/ydlidar_ros2_driver' for CMake config files
[2.018s] Level 1:colcon.colcon_core.shell:create_environment_hook('ydlidar_ros2_driver', 'cmake_prefix_path')
[2.037s] INFO:colcon.colcon_core.shell:Creating environment hook '/home/robot/ydlidar_ros2_driver/install/ydlidar_ros2_driver/share/ydlidar_ros2_driver/hook/cmake_prefix_path.ps1'
[2.038s] INFO:colcon.colcon_core.shell:Creating environment descriptor '/home/robot/ydlidar_ros2_driver/install/ydlidar_ros2_driver/share/ydlidar_ros2_driver/hook/cmake_prefix_path.dsv'
[2.038s] INFO:colcon.colcon_core.shell:Creating environment hook '/home/robot/ydlidar_ros2_driver/install/ydlidar_ros2_driver/share/ydlidar_ros2_driver/hook/cmake_prefix_path.sh'
[2.039s] Level 1:colcon.colcon_core.environment:checking '/home/robot/ydlidar_ros2_driver/install/ydlidar_ros2_driver/lib'
[2.039s] Level 1:colcon.colcon_core.environment:checking '/home/robot/ydlidar_ros2_driver/install/ydlidar_ros2_driver/bin'
[2.039s] Level 1:colcon.colcon_core.environment:checking '/home/robot/ydlidar_ros2_driver/install/ydlidar_ros2_driver/lib/pkgconfig/ydlidar_ros2_driver.pc'
[2.040s] Level 1:colcon.colcon_core.environment:checking '/home/robot/ydlidar_ros2_driver/install/ydlidar_ros2_driver/lib/python3.10/site-packages'
[2.040s] Level 1:colcon.colcon_core.environment:checking '/home/robot/ydlidar_ros2_driver/install/ydlidar_ros2_driver/bin'
[2.058s] INFO:colcon.colcon_core.shell:Creating package script '/home/robot/ydlidar_ros2_driver/install/ydlidar_ros2_driver/share/ydlidar_ros2_driver/package.ps1'
[2.058s] INFO:colcon.colcon_core.shell:Creating package descriptor '/home/robot/ydlidar_ros2_driver/install/ydlidar_ros2_driver/share/ydlidar_ros2_driver/package.dsv'
[2.059s] INFO:colcon.colcon_core.shell:Creating package script '/home/robot/ydlidar_ros2_driver/install/ydlidar_ros2_driver/share/ydlidar_ros2_driver/package.sh'
[2.060s] INFO:colcon.colcon_core.shell:Creating package script '/home/robot/ydlidar_ros2_driver/install/ydlidar_ros2_driver/share/ydlidar_ros2_driver/package.bash'
[2.060s] INFO:colcon.colcon_core.shell:Creating package script '/home/robot/ydlidar_ros2_driver/install/ydlidar_ros2_driver/share/ydlidar_ros2_driver/package.zsh'
[2.060s] Level 1:colcon.colcon_core.environment:create_file_with_runtime_dependencies(/home/robot/ydlidar_ros2_driver/install/ydlidar_ros2_driver/share/colcon-core/packages/ydlidar_ros2_driver)
[2.061s] DEBUG:colcon.colcon_parallel_executor.executor.parallel:closing loop
[2.061s] DEBUG:colcon.colcon_parallel_executor.executor.parallel:loop closed
[2.061s] DEBUG:colcon.colcon_parallel_executor.executor.parallel:run_until_complete finished with '0'
[2.061s] DEBUG:colcon.colcon_core.event_reactor:joining thread
[2.086s] INFO:colcon.colcon_core.plugin_system:Skipping extension 'colcon_notification.desktop_notification.terminal_notifier': Not used on non-Darwin systems
[2.086s] INFO:colcon.colcon_core.plugin_system:Skipping extension 'colcon_notification.desktop_notification.win32': Not used on non-Windows systems
[2.087s] INFO:colcon.colcon_notification.desktop_notification:Sending desktop notification using 'notify2'
[2.098s] DEBUG:colcon.colcon_core.event_reactor:joined thread
[2.114s] INFO:colcon.colcon_core.shell:Creating prefix script '/home/robot/ydlidar_ros2_driver/install/local_setup.ps1'
[2.115s] INFO:colcon.colcon_core.shell:Creating prefix util module '/home/robot/ydlidar_ros2_driver/install/_local_setup_util_ps1.py'
[2.116s] INFO:colcon.colcon_core.shell:Creating prefix chain script '/home/robot/ydlidar_ros2_driver/install/setup.ps1'
[2.134s] INFO:colcon.colcon_core.shell:Creating prefix script '/home/robot/ydlidar_ros2_driver/install/local_setup.sh'
[2.134s] INFO:colcon.colcon_core.shell:Creating prefix util module '/home/robot/ydlidar_ros2_driver/install/_local_setup_util_sh.py'
[2.135s] INFO:colcon.colcon_core.shell:Creating prefix chain script '/home/robot/ydlidar_ros2_driver/install/setup.sh'
[2.152s] INFO:colcon.colcon_core.shell:Creating prefix script '/home/robot/ydlidar_ros2_driver/install/local_setup.bash'
[2.153s] INFO:colcon.colcon_core.shell:Creating prefix chain script '/home/robot/ydlidar_ros2_driver/install/setup.bash'
[2.170s] INFO:colcon.colcon_core.shell:Creating prefix script '/home/robot/ydlidar_ros2_driver/install/local_setup.zsh'
[2.171s] INFO:colcon.colcon_core.shell:Creating prefix chain script '/home/robot/ydlidar_ros2_driver/install/setup.zsh'
