[1.075s] DEBUG:colcon:Command line arguments: ['/usr/bin/colcon', 'build']
[1.076s] DEBUG:colcon:Parsed command line arguments: Namespace(log_base=None, log_level=None, verb_name='build', build_base='build', install_base='install', merge_install=False, symlink_install=False, test_result_base=None, continue_on_error=False, executor='parallel', parallel_workers=4, event_handlers=None, ignore_user_meta=False, metas=['./colcon.meta'], base_paths=['.'], packages_ignore=None, packages_ignore_regex=None, paths=None, packages_up_to=None, packages_up_to_regex=None, packages_above=None, packages_above_and_dependencies=None, packages_above_depth=None, packages_select_by_dep=None, packages_skip_by_dep=None, packages_skip_up_to=None, packages_select_build_failed=False, packages_skip_build_finished=False, packages_select_test_failures=False, packages_skip_test_passed=False, packages_select=None, packages_skip=None, packages_select_regex=None, packages_skip_regex=None, packages_start=None, packages_end=None, allow_overriding=[], cmake_args=None, cmake_target=None, cmake_target_skip_unavailable=False, cmake_clean_cache=False, cmake_clean_first=False, cmake_force_configure=False, ament_cmake_args=None, catkin_cmake_args=None, catkin_skip_building_tests=False, verb_parser=<colcon_defaults.argument_parser.defaults.DefaultArgumentsDecorator object at 0x7127350796c0>, verb_extension=<colcon_core.verb.build.BuildVerb object at 0x71273507a950>, main=<bound method BuildVerb.main of <colcon_core.verb.build.BuildVerb object at 0x71273507a950>>)
[1.123s] Level 1:colcon.colcon_core.package_discovery:discover_packages(colcon_meta) check parameters
[1.123s] Level 1:colcon.colcon_core.package_discovery:discover_packages(recursive) check parameters
[1.123s] Level 1:colcon.colcon_core.package_discovery:discover_packages(ignore) check parameters
[1.123s] Level 1:colcon.colcon_core.package_discovery:discover_packages(path) check parameters
[1.123s] Level 1:colcon.colcon_core.package_discovery:discover_packages(colcon_meta) discover
[1.123s] Level 1:colcon.colcon_core.package_discovery:discover_packages(recursive) discover
[1.123s] INFO:colcon.colcon_core.package_discovery:Crawling recursively for packages in '/home/robot/ydlidar_ros2_driver'
[1.123s] Level 1:colcon.colcon_core.package_identification:_identify(.) by extensions ['ignore', 'ignore_ament_install']
[1.123s] Level 1:colcon.colcon_core.package_identification:_identify(.) by extension 'ignore'
[1.123s] Level 1:colcon.colcon_core.package_identification:_identify(.) by extension 'ignore_ament_install'
[1.123s] Level 1:colcon.colcon_core.package_identification:_identify(.) by extensions ['colcon_pkg']
[1.123s] Level 1:colcon.colcon_core.package_identification:_identify(.) by extension 'colcon_pkg'
[1.124s] Level 1:colcon.colcon_core.package_identification:_identify(.) by extensions ['colcon_meta']
[1.124s] Level 1:colcon.colcon_core.package_identification:_identify(.) by extension 'colcon_meta'
[1.124s] Level 1:colcon.colcon_core.package_identification:_identify(.) by extensions ['ros']
[1.124s] Level 1:colcon.colcon_core.package_identification:_identify(.) by extension 'ros'
[1.137s] DEBUG:colcon.colcon_core.package_identification:Package '.' with type 'ros.ament_cmake' and name 'ydlidar_ros2_driver'
[1.137s] Level 1:colcon.colcon_core.package_discovery:discover_packages(recursive) using defaults
[1.137s] Level 1:colcon.colcon_core.package_discovery:discover_packages(ignore) discover
[1.137s] Level 1:colcon.colcon_core.package_discovery:discover_packages(ignore) using defaults
[1.137s] Level 1:colcon.colcon_core.package_discovery:discover_packages(path) discover
[1.137s] Level 1:colcon.colcon_core.package_discovery:discover_packages(path) using defaults
[1.252s] Level 1:colcon.colcon_core.package_discovery:discover_packages(prefix_path) check parameters
[1.253s] Level 1:colcon.colcon_core.package_discovery:discover_packages(prefix_path) discover
[1.293s] DEBUG:colcon.colcon_installed_package_information.package_discovery:Found 1 installed packages in /home/robot/ldlidar_ros2_ws/install
[1.324s] DEBUG:colcon.colcon_installed_package_information.package_discovery:Found 1 installed packages in /home/robot/ydlidar_ros2_driver/install
[1.342s] DEBUG:colcon.colcon_installed_package_information.package_discovery:Found 1 installed packages in /home/robot/install
[1.361s] DEBUG:colcon.colcon_installed_package_information.package_discovery:Found 13 installed packages in /home/robot/turtlebot3_ws/install
[1.379s] DEBUG:colcon.colcon_installed_package_information.package_discovery:Found 3 installed packages in /home/robot/ros2_ws/install
[1.397s] DEBUG:colcon.colcon_installed_package_information.package_discovery:Found 15 installed packages in /home/robot/robot_ws/install
[1.415s] DEBUG:colcon.colcon_installed_package_information.package_discovery:Found 400 installed packages in /opt/ros/humble
[1.417s] Level 1:colcon.colcon_core.package_discovery:discover_packages(prefix_path) using defaults
[1.534s] Level 5:colcon.colcon_core.verb:set package 'ydlidar_ros2_driver' build argument 'cmake_args' from command line to 'None'
[1.534s] Level 5:colcon.colcon_core.verb:set package 'ydlidar_ros2_driver' build argument 'cmake_target' from command line to 'None'
[1.534s] Level 5:colcon.colcon_core.verb:set package 'ydlidar_ros2_driver' build argument 'cmake_target_skip_unavailable' from command line to 'False'
[1.534s] Level 5:colcon.colcon_core.verb:set package 'ydlidar_ros2_driver' build argument 'cmake_clean_cache' from command line to 'False'
[1.534s] Level 5:colcon.colcon_core.verb:set package 'ydlidar_ros2_driver' build argument 'cmake_clean_first' from command line to 'False'
[1.534s] Level 5:colcon.colcon_core.verb:set package 'ydlidar_ros2_driver' build argument 'cmake_force_configure' from command line to 'False'
[1.534s] Level 5:colcon.colcon_core.verb:set package 'ydlidar_ros2_driver' build argument 'ament_cmake_args' from command line to 'None'
[1.535s] Level 5:colcon.colcon_core.verb:set package 'ydlidar_ros2_driver' build argument 'catkin_cmake_args' from command line to 'None'
[1.535s] Level 5:colcon.colcon_core.verb:set package 'ydlidar_ros2_driver' build argument 'catkin_skip_building_tests' from command line to 'False'
[1.535s] DEBUG:colcon.colcon_core.verb:Building package 'ydlidar_ros2_driver' with the following arguments: {'ament_cmake_args': None, 'build_base': '/home/robot/ydlidar_ros2_driver/build/ydlidar_ros2_driver', 'catkin_cmake_args': None, 'catkin_skip_building_tests': False, 'cmake_args': None, 'cmake_clean_cache': False, 'cmake_clean_first': False, 'cmake_force_configure': False, 'cmake_target': None, 'cmake_target_skip_unavailable': False, 'install_base': '/home/robot/ydlidar_ros2_driver/install/ydlidar_ros2_driver', 'merge_install': False, 'path': '/home/robot/ydlidar_ros2_driver', 'symlink_install': False, 'test_result_base': None}
[1.552s] INFO:colcon.colcon_core.executor:Executing jobs using 'parallel' executor
[1.570s] DEBUG:colcon.colcon_parallel_executor.executor.parallel:run_until_complete
[1.570s] INFO:colcon.colcon_ros.task.ament_cmake.build:Building ROS package in '/home/robot/ydlidar_ros2_driver' with build type 'ament_cmake'
[1.570s] INFO:colcon.colcon_cmake.task.cmake.build:Building CMake package in '/home/robot/ydlidar_ros2_driver'
[1.589s] INFO:colcon.colcon_core.plugin_system:Skipping extension 'colcon_core.shell.bat': Not used on non-Windows systems
[1.590s] INFO:colcon.colcon_core.shell:Skip shell extension 'powershell' for command environment: Not usable outside of PowerShell
[1.590s] DEBUG:colcon.colcon_core.shell:Skip shell extension 'dsv' for command environment
[1.750s] DEBUG:colcon.colcon_core.event_handler.log_command:Invoking command in '/home/robot/ydlidar_ros2_driver/build/ydlidar_ros2_driver': CMAKE_PREFIX_PATH=${CMAKE_PREFIX_PATH}:/home/robot/robot_ws/install/urdf_tutorial:/home/robot/turtlebot3_ws/install/turtlebot3_teleop:/home/robot/turtlebot3_ws/install/turtlebot3_example:/opt/ros/humble /usr/bin/cmake --build /home/robot/ydlidar_ros2_driver/build/ydlidar_ros2_driver -- -j4 -l4
[1.827s] DEBUG:colcon.colcon_core.event_handler.log_command:Invoked command in '/home/robot/ydlidar_ros2_driver/build/ydlidar_ros2_driver' returned '0': CMAKE_PREFIX_PATH=${CMAKE_PREFIX_PATH}:/home/robot/robot_ws/install/urdf_tutorial:/home/robot/turtlebot3_ws/install/turtlebot3_teleop:/home/robot/turtlebot3_ws/install/turtlebot3_example:/opt/ros/humble /usr/bin/cmake --build /home/robot/ydlidar_ros2_driver/build/ydlidar_ros2_driver -- -j4 -l4
[1.864s] DEBUG:colcon.colcon_core.event_handler.log_command:Invoking command in '/home/robot/ydlidar_ros2_driver/build/ydlidar_ros2_driver': CMAKE_PREFIX_PATH=${CMAKE_PREFIX_PATH}:/home/robot/robot_ws/install/urdf_tutorial:/home/robot/turtlebot3_ws/install/turtlebot3_teleop:/home/robot/turtlebot3_ws/install/turtlebot3_example:/opt/ros/humble /usr/bin/cmake --install /home/robot/ydlidar_ros2_driver/build/ydlidar_ros2_driver
[1.914s] Level 1:colcon.colcon_core.environment:create_environment_scripts_only(ydlidar_ros2_driver)
[1.915s] DEBUG:colcon.colcon_core.event_handler.log_command:Invoked command in '/home/robot/ydlidar_ros2_driver/build/ydlidar_ros2_driver' returned '0': CMAKE_PREFIX_PATH=${CMAKE_PREFIX_PATH}:/home/robot/robot_ws/install/urdf_tutorial:/home/robot/turtlebot3_ws/install/turtlebot3_teleop:/home/robot/turtlebot3_ws/install/turtlebot3_example:/opt/ros/humble /usr/bin/cmake --install /home/robot/ydlidar_ros2_driver/build/ydlidar_ros2_driver
[1.937s] Level 1:colcon.colcon_core.environment:checking '/home/robot/ydlidar_ros2_driver/install/ydlidar_ros2_driver' for CMake module files
[1.937s] Level 1:colcon.colcon_core.environment:checking '/home/robot/ydlidar_ros2_driver/install/ydlidar_ros2_driver' for CMake config files
[1.938s] Level 1:colcon.colcon_core.shell:create_environment_hook('ydlidar_ros2_driver', 'cmake_prefix_path')
[1.955s] INFO:colcon.colcon_core.shell:Creating environment hook '/home/robot/ydlidar_ros2_driver/install/ydlidar_ros2_driver/share/ydlidar_ros2_driver/hook/cmake_prefix_path.ps1'
[1.956s] INFO:colcon.colcon_core.shell:Creating environment descriptor '/home/robot/ydlidar_ros2_driver/install/ydlidar_ros2_driver/share/ydlidar_ros2_driver/hook/cmake_prefix_path.dsv'
[1.957s] INFO:colcon.colcon_core.shell:Creating environment hook '/home/robot/ydlidar_ros2_driver/install/ydlidar_ros2_driver/share/ydlidar_ros2_driver/hook/cmake_prefix_path.sh'
[1.958s] Level 1:colcon.colcon_core.environment:checking '/home/robot/ydlidar_ros2_driver/install/ydlidar_ros2_driver/lib'
[1.958s] Level 1:colcon.colcon_core.environment:checking '/home/robot/ydlidar_ros2_driver/install/ydlidar_ros2_driver/bin'
[1.958s] Level 1:colcon.colcon_core.environment:checking '/home/robot/ydlidar_ros2_driver/install/ydlidar_ros2_driver/lib/pkgconfig/ydlidar_ros2_driver.pc'
[1.959s] Level 1:colcon.colcon_core.environment:checking '/home/robot/ydlidar_ros2_driver/install/ydlidar_ros2_driver/lib/python3.10/site-packages'
[1.959s] Level 1:colcon.colcon_core.environment:checking '/home/robot/ydlidar_ros2_driver/install/ydlidar_ros2_driver/bin'
[1.978s] INFO:colcon.colcon_core.shell:Creating package script '/home/robot/ydlidar_ros2_driver/install/ydlidar_ros2_driver/share/ydlidar_ros2_driver/package.ps1'
[1.979s] INFO:colcon.colcon_core.shell:Creating package descriptor '/home/robot/ydlidar_ros2_driver/install/ydlidar_ros2_driver/share/ydlidar_ros2_driver/package.dsv'
[1.980s] INFO:colcon.colcon_core.shell:Creating package script '/home/robot/ydlidar_ros2_driver/install/ydlidar_ros2_driver/share/ydlidar_ros2_driver/package.sh'
[1.980s] INFO:colcon.colcon_core.shell:Creating package script '/home/robot/ydlidar_ros2_driver/install/ydlidar_ros2_driver/share/ydlidar_ros2_driver/package.bash'
[1.981s] INFO:colcon.colcon_core.shell:Creating package script '/home/robot/ydlidar_ros2_driver/install/ydlidar_ros2_driver/share/ydlidar_ros2_driver/package.zsh'
[1.982s] Level 1:colcon.colcon_core.environment:create_file_with_runtime_dependencies(/home/robot/ydlidar_ros2_driver/install/ydlidar_ros2_driver/share/colcon-core/packages/ydlidar_ros2_driver)
[2.034s] Level 1:colcon.colcon_core.environment:create_environment_scripts_only(ydlidar_ros2_driver)
[2.053s] Level 1:colcon.colcon_core.environment:checking '/home/robot/ydlidar_ros2_driver/install/ydlidar_ros2_driver' for CMake module files
[2.053s] Level 1:colcon.colcon_core.environment:checking '/home/robot/ydlidar_ros2_driver/install/ydlidar_ros2_driver' for CMake config files
[2.054s] Level 1:colcon.colcon_core.shell:create_environment_hook('ydlidar_ros2_driver', 'cmake_prefix_path')
[2.070s] INFO:colcon.colcon_core.shell:Creating environment hook '/home/robot/ydlidar_ros2_driver/install/ydlidar_ros2_driver/share/ydlidar_ros2_driver/hook/cmake_prefix_path.ps1'
[2.071s] INFO:colcon.colcon_core.shell:Creating environment descriptor '/home/robot/ydlidar_ros2_driver/install/ydlidar_ros2_driver/share/ydlidar_ros2_driver/hook/cmake_prefix_path.dsv'
[2.071s] INFO:colcon.colcon_core.shell:Creating environment hook '/home/robot/ydlidar_ros2_driver/install/ydlidar_ros2_driver/share/ydlidar_ros2_driver/hook/cmake_prefix_path.sh'
[2.072s] Level 1:colcon.colcon_core.environment:checking '/home/robot/ydlidar_ros2_driver/install/ydlidar_ros2_driver/lib'
[2.072s] Level 1:colcon.colcon_core.environment:checking '/home/robot/ydlidar_ros2_driver/install/ydlidar_ros2_driver/bin'
[2.072s] Level 1:colcon.colcon_core.environment:checking '/home/robot/ydlidar_ros2_driver/install/ydlidar_ros2_driver/lib/pkgconfig/ydlidar_ros2_driver.pc'
[2.073s] Level 1:colcon.colcon_core.environment:checking '/home/robot/ydlidar_ros2_driver/install/ydlidar_ros2_driver/lib/python3.10/site-packages'
[2.073s] Level 1:colcon.colcon_core.environment:checking '/home/robot/ydlidar_ros2_driver/install/ydlidar_ros2_driver/bin'
[2.092s] INFO:colcon.colcon_core.shell:Creating package script '/home/robot/ydlidar_ros2_driver/install/ydlidar_ros2_driver/share/ydlidar_ros2_driver/package.ps1'
[2.093s] INFO:colcon.colcon_core.shell:Creating package descriptor '/home/robot/ydlidar_ros2_driver/install/ydlidar_ros2_driver/share/ydlidar_ros2_driver/package.dsv'
[2.094s] INFO:colcon.colcon_core.shell:Creating package script '/home/robot/ydlidar_ros2_driver/install/ydlidar_ros2_driver/share/ydlidar_ros2_driver/package.sh'
[2.094s] INFO:colcon.colcon_core.shell:Creating package script '/home/robot/ydlidar_ros2_driver/install/ydlidar_ros2_driver/share/ydlidar_ros2_driver/package.bash'
[2.095s] INFO:colcon.colcon_core.shell:Creating package script '/home/robot/ydlidar_ros2_driver/install/ydlidar_ros2_driver/share/ydlidar_ros2_driver/package.zsh'
[2.095s] Level 1:colcon.colcon_core.environment:create_file_with_runtime_dependencies(/home/robot/ydlidar_ros2_driver/install/ydlidar_ros2_driver/share/colcon-core/packages/ydlidar_ros2_driver)
[2.095s] DEBUG:colcon.colcon_parallel_executor.executor.parallel:closing loop
[2.096s] DEBUG:colcon.colcon_parallel_executor.executor.parallel:loop closed
[2.096s] DEBUG:colcon.colcon_parallel_executor.executor.parallel:run_until_complete finished with '0'
[2.096s] DEBUG:colcon.colcon_core.event_reactor:joining thread
[2.122s] INFO:colcon.colcon_core.plugin_system:Skipping extension 'colcon_notification.desktop_notification.terminal_notifier': Not used on non-Darwin systems
[2.123s] INFO:colcon.colcon_core.plugin_system:Skipping extension 'colcon_notification.desktop_notification.win32': Not used on non-Windows systems
[2.123s] INFO:colcon.colcon_notification.desktop_notification:Sending desktop notification using 'notify2'
[2.134s] DEBUG:colcon.colcon_core.event_reactor:joined thread
[2.152s] INFO:colcon.colcon_core.shell:Creating prefix script '/home/robot/ydlidar_ros2_driver/install/local_setup.ps1'
[2.153s] INFO:colcon.colcon_core.shell:Creating prefix util module '/home/robot/ydlidar_ros2_driver/install/_local_setup_util_ps1.py'
[2.155s] INFO:colcon.colcon_core.shell:Creating prefix chain script '/home/robot/ydlidar_ros2_driver/install/setup.ps1'
[2.175s] INFO:colcon.colcon_core.shell:Creating prefix script '/home/robot/ydlidar_ros2_driver/install/local_setup.sh'
[2.176s] INFO:colcon.colcon_core.shell:Creating prefix util module '/home/robot/ydlidar_ros2_driver/install/_local_setup_util_sh.py'
[2.176s] INFO:colcon.colcon_core.shell:Creating prefix chain script '/home/robot/ydlidar_ros2_driver/install/setup.sh'
[2.195s] INFO:colcon.colcon_core.shell:Creating prefix script '/home/robot/ydlidar_ros2_driver/install/local_setup.bash'
[2.196s] INFO:colcon.colcon_core.shell:Creating prefix chain script '/home/robot/ydlidar_ros2_driver/install/setup.bash'
[2.217s] INFO:colcon.colcon_core.shell:Creating prefix script '/home/robot/ydlidar_ros2_driver/install/local_setup.zsh'
[2.217s] INFO:colcon.colcon_core.shell:Creating prefix chain script '/home/robot/ydlidar_ros2_driver/install/setup.zsh'
