[0.008s] Invoking command in '/home/robot/ydlidar_ros2_driver/build/ydlidar_ros2_driver': /usr/bin/cmake /home/robot/ydlidar_ros2_driver -DAMENT_CMAKE_SYMLINK_INSTALL=1 -DCMAKE_INSTALL_PREFIX=/home/robot/ydlidar_ros2_driver/install/ydlidar_ros2_driver
[0.028s] -- Found ament_cmake: 1.3.9 (/opt/ros/humble/share/ament_cmake/cmake)
[0.166s] Traceback (most recent call last):
[0.166s]   File "/opt/ros/humble/share/ament_cmake_core/cmake/package_templates/templates_2_cmake.py", line 21, in <module>
[0.166s]     from ament_package.templates import get_environment_hook_template_path
[0.166s] ModuleNotFoundError: No module named 'ament_package'
[0.176s] [31mCMake Error at /opt/ros/humble/share/ament_cmake_core/cmake/ament_cmake_package_templates-extras.cmake:41 (message):
[0.176s]   execute_process(/usr/bin/python3
[0.176s]   /opt/ros/humble/share/ament_cmake_core/cmake/package_templates/templates_2_cmake.py
[0.176s]   /home/robot/ydlidar_ros2_driver/build/ydlidar_ros2_driver/ament_cmake_package_templates/templates.cmake)
[0.176s]   returned error code 1
[0.176s] Call Stack (most recent call first):
[0.176s]   /opt/ros/humble/share/ament_cmake_core/cmake/ament_cmake_coreConfig.cmake:41 (include)
[0.176s]   /opt/ros/humble/share/ament_cmake/cmake/ament_cmake_export_dependencies-extras.cmake:15 (find_package)
[0.177s]   /opt/ros/humble/share/ament_cmake/cmake/ament_cmakeConfig.cmake:41 (include)
[0.177s]   CMakeLists.txt:15 (find_package)
[0.177s] 
[0.177s] [0m
[0.177s] -- Configuring incomplete, errors occurred!
[0.177s] See also "/home/robot/ydlidar_ros2_driver/build/ydlidar_ros2_driver/CMakeFiles/CMakeOutput.log".
[0.179s] Invoked command in '/home/robot/ydlidar_ros2_driver/build/ydlidar_ros2_driver' returned '1': /usr/bin/cmake /home/robot/ydlidar_ros2_driver -DAMENT_CMAKE_SYMLINK_INSTALL=1 -DCMAKE_INSTALL_PREFIX=/home/robot/ydlidar_ros2_driver/install/ydlidar_ros2_driver
