[0.015s] Invoking command in '/home/robot/ydlidar_ros2_driver/build/ydlidar_ros2_driver': CMAKE_PREFIX_PATH=${CMAKE_PREFIX_PATH}:/opt/ros/humble /usr/bin/cmake /home/robot/ydlidar_ros2_driver -DAMENT_CMAKE_SYMLINK_INSTALL=1 -DCMAKE_INSTALL_PREFIX=/home/robot/ydlidar_ros2_driver/install/ydlidar_ros2_driver
[0.035s] -- Found ament_cmake: 1.3.9 (/opt/ros/humble/share/ament_cmake/cmake)
[0.224s] -- Override CMake install command with custom implementation using symlinks instead of copying resources
[0.237s] -- Found rclcpp: 16.0.9 (/opt/ros/humble/share/rclcpp/cmake)
[0.276s] -- Found rosidl_generator_c: 3.1.5 (/opt/ros/humble/share/rosidl_generator_c/cmake)
[0.280s] -- Found rosidl_adapter: 3.1.5 (/opt/ros/humble/share/rosidl_adapter/cmake)
[0.288s] -- Found rosidl_generator_cpp: 3.1.5 (/opt/ros/humble/share/rosidl_generator_cpp/cmake)
[0.304s] -- Using all available rosidl_typesupport_c: rosidl_typesupport_fastrtps_c;rosidl_typesupport_introspection_c
[0.325s] -- Using all available rosidl_typesupport_cpp: rosidl_typesupport_fastrtps_cpp;rosidl_typesupport_introspection_cpp
[0.407s] -- Found rmw_implementation_cmake: 6.1.2 (/opt/ros/humble/share/rmw_implementation_cmake/cmake)
[0.409s] -- Found rmw_fastrtps_cpp: 6.2.6 (/opt/ros/humble/share/rmw_fastrtps_cpp/cmake)
[0.564s] -- Using RMW implementation 'rmw_fastrtps_cpp' as default
[0.789s] -- Found sensor_msgs: 4.2.4 (/opt/ros/humble/share/sensor_msgs/cmake)
[0.966s] -- Found visualization_msgs: 4.2.4 (/opt/ros/humble/share/visualization_msgs/cmake)
[1.135s] -- Found std_srvs: 4.2.4 (/opt/ros/humble/share/std_srvs/cmake)
[1.168s] -- Found ament_lint_auto: 0.12.11 (/opt/ros/humble/share/ament_lint_auto/cmake)
[1.264s] -- Added test 'copyright' to check source files copyright and LICENSE
[1.401s] -- Added test 'cppcheck' to perform static code analysis on C / C++ code
[1.402s] -- Configured cppcheck include dirs: /home/robot/ydlidar_ros2_driver/src
[1.402s] -- Configured cppcheck exclude dirs and/or files: 
[1.534s] -- Added test 'cpplint' to check C / C++ code against the Google style
[1.534s] -- Configured cpplint exclude dirs and/or files: 
[1.552s] -- Added test 'flake8' to check Python code syntax and style conventions
[1.585s] -- Added test 'lint_cmake' to check CMake code style
[1.601s] -- Added test 'pep257' to check Python code against some of the docstring style conventions in PEP 257
[1.732s] -- Added test 'uncrustify' to check C / C++ code style
[1.733s] -- Configured uncrustify additional arguments: 
[1.750s] -- Added test 'xmllint' to check XML markup files
[1.754s] -- Configuring done
[1.776s] -- Generating done
[1.778s] -- Build files have been written to: /home/robot/ydlidar_ros2_driver/build/ydlidar_ros2_driver
[1.789s] Invoked command in '/home/robot/ydlidar_ros2_driver/build/ydlidar_ros2_driver' returned '0': CMAKE_PREFIX_PATH=${CMAKE_PREFIX_PATH}:/opt/ros/humble /usr/bin/cmake /home/robot/ydlidar_ros2_driver -DAMENT_CMAKE_SYMLINK_INSTALL=1 -DCMAKE_INSTALL_PREFIX=/home/robot/ydlidar_ros2_driver/install/ydlidar_ros2_driver
[1.791s] Invoking command in '/home/robot/ydlidar_ros2_driver/build/ydlidar_ros2_driver': CMAKE_PREFIX_PATH=${CMAKE_PREFIX_PATH}:/opt/ros/humble /usr/bin/cmake --build /home/robot/ydlidar_ros2_driver/build/ydlidar_ros2_driver -- -j4 -l4
[1.851s] [35m[1mConsolidate compiler generated dependencies of target ydlidar_ros2_driver_client[0m
[1.851s] [35m[1mConsolidate compiler generated dependencies of target ydlidar_ros2_driver_node[0m
[1.866s] [100%] Built target ydlidar_ros2_driver_node
[1.866s] [100%] Built target ydlidar_ros2_driver_client
[1.880s] Invoked command in '/home/robot/ydlidar_ros2_driver/build/ydlidar_ros2_driver' returned '0': CMAKE_PREFIX_PATH=${CMAKE_PREFIX_PATH}:/opt/ros/humble /usr/bin/cmake --build /home/robot/ydlidar_ros2_driver/build/ydlidar_ros2_driver -- -j4 -l4
[1.922s] Invoking command in '/home/robot/ydlidar_ros2_driver/build/ydlidar_ros2_driver': CMAKE_PREFIX_PATH=${CMAKE_PREFIX_PATH}:/opt/ros/humble /usr/bin/cmake --install /home/robot/ydlidar_ros2_driver/build/ydlidar_ros2_driver
[1.931s] -- Install configuration: ""
[1.931s] -- Execute custom install script
[1.932s] -- Up-to-date symlink: /home/robot/ydlidar_ros2_driver/install/ydlidar_ros2_driver/lib/ydlidar_ros2_driver/ydlidar_ros2_driver_node
[1.932s] -- Up-to-date symlink: /home/robot/ydlidar_ros2_driver/install/ydlidar_ros2_driver/lib/ydlidar_ros2_driver/ydlidar_ros2_driver_client
[1.932s] -- Up-to-date symlink: /home/robot/ydlidar_ros2_driver/install/ydlidar_ros2_driver/share/ydlidar_ros2_driver/launch/__pycache__/ydlidar_launch.cpython-310.pyc
[1.933s] -- Up-to-date symlink: /home/robot/ydlidar_ros2_driver/install/ydlidar_ros2_driver/share/ydlidar_ros2_driver/launch/ydlidar.py
[1.933s] -- Up-to-date symlink: /home/robot/ydlidar_ros2_driver/install/ydlidar_ros2_driver/share/ydlidar_ros2_driver/launch/ydlidar_launch.py
[1.933s] -- Up-to-date symlink: /home/robot/ydlidar_ros2_driver/install/ydlidar_ros2_driver/share/ydlidar_ros2_driver/launch/ydlidar_launch_view.py
[1.933s] -- Up-to-date symlink: /home/robot/ydlidar_ros2_driver/install/ydlidar_ros2_driver/share/ydlidar_ros2_driver/params/G1.yaml
[1.935s] -- Up-to-date symlink: /home/robot/ydlidar_ros2_driver/install/ydlidar_ros2_driver/share/ydlidar_ros2_driver/params/G2.yaml
[1.935s] -- Up-to-date symlink: /home/robot/ydlidar_ros2_driver/install/ydlidar_ros2_driver/share/ydlidar_ros2_driver/params/G6.yaml
[1.935s] -- Up-to-date symlink: /home/robot/ydlidar_ros2_driver/install/ydlidar_ros2_driver/share/ydlidar_ros2_driver/params/GS2.yaml
[1.936s] -- Up-to-date symlink: /home/robot/ydlidar_ros2_driver/install/ydlidar_ros2_driver/share/ydlidar_ros2_driver/params/TEA.yaml
[1.936s] -- Up-to-date symlink: /home/robot/ydlidar_ros2_driver/install/ydlidar_ros2_driver/share/ydlidar_ros2_driver/params/TG.yaml
[1.936s] -- Up-to-date symlink: /home/robot/ydlidar_ros2_driver/install/ydlidar_ros2_driver/share/ydlidar_ros2_driver/params/TminiPro.yaml
[1.936s] -- Up-to-date symlink: /home/robot/ydlidar_ros2_driver/install/ydlidar_ros2_driver/share/ydlidar_ros2_driver/params/X2.yaml
[1.936s] -- Up-to-date symlink: /home/robot/ydlidar_ros2_driver/install/ydlidar_ros2_driver/share/ydlidar_ros2_driver/params/X4-Pro.yaml
[1.936s] -- Up-to-date symlink: /home/robot/ydlidar_ros2_driver/install/ydlidar_ros2_driver/share/ydlidar_ros2_driver/params/X4.yaml
[1.936s] -- Up-to-date symlink: /home/robot/ydlidar_ros2_driver/install/ydlidar_ros2_driver/share/ydlidar_ros2_driver/params/ydlidar.yaml
[1.936s] -- Up-to-date symlink: /home/robot/ydlidar_ros2_driver/install/ydlidar_ros2_driver/share/ydlidar_ros2_driver/startup/initenv.sh
[1.937s] -- Up-to-date symlink: /home/robot/ydlidar_ros2_driver/install/ydlidar_ros2_driver/share/ydlidar_ros2_driver/config/ydlidar.rviz
[1.937s] -- Up-to-date symlink: /home/robot/ydlidar_ros2_driver/install/ydlidar_ros2_driver/share/ament_index/resource_index/package_run_dependencies/ydlidar_ros2_driver
[1.937s] -- Up-to-date symlink: /home/robot/ydlidar_ros2_driver/install/ydlidar_ros2_driver/share/ament_index/resource_index/parent_prefix_path/ydlidar_ros2_driver
[1.937s] -- Up-to-date symlink: /home/robot/ydlidar_ros2_driver/install/ydlidar_ros2_driver/share/ydlidar_ros2_driver/environment/ament_prefix_path.sh
[1.937s] -- Up-to-date symlink: /home/robot/ydlidar_ros2_driver/install/ydlidar_ros2_driver/share/ydlidar_ros2_driver/environment/ament_prefix_path.dsv
[1.937s] -- Up-to-date symlink: /home/robot/ydlidar_ros2_driver/install/ydlidar_ros2_driver/share/ydlidar_ros2_driver/environment/path.sh
[1.937s] -- Up-to-date symlink: /home/robot/ydlidar_ros2_driver/install/ydlidar_ros2_driver/share/ydlidar_ros2_driver/environment/path.dsv
[1.937s] -- Up-to-date symlink: /home/robot/ydlidar_ros2_driver/install/ydlidar_ros2_driver/share/ydlidar_ros2_driver/local_setup.bash
[1.938s] -- Up-to-date symlink: /home/robot/ydlidar_ros2_driver/install/ydlidar_ros2_driver/share/ydlidar_ros2_driver/local_setup.sh
[1.938s] -- Up-to-date symlink: /home/robot/ydlidar_ros2_driver/install/ydlidar_ros2_driver/share/ydlidar_ros2_driver/local_setup.zsh
[1.938s] -- Up-to-date symlink: /home/robot/ydlidar_ros2_driver/install/ydlidar_ros2_driver/share/ydlidar_ros2_driver/local_setup.dsv
[1.938s] -- Symlinking: /home/robot/ydlidar_ros2_driver/install/ydlidar_ros2_driver/share/ydlidar_ros2_driver/package.dsv
[1.950s] -- Up-to-date symlink: /home/robot/ydlidar_ros2_driver/install/ydlidar_ros2_driver/share/ament_index/resource_index/packages/ydlidar_ros2_driver
[1.950s] -- Up-to-date symlink: /home/robot/ydlidar_ros2_driver/install/ydlidar_ros2_driver/share/ydlidar_ros2_driver/cmake/ydlidar_ros2_driverConfig.cmake
[1.950s] -- Up-to-date symlink: /home/robot/ydlidar_ros2_driver/install/ydlidar_ros2_driver/share/ydlidar_ros2_driver/cmake/ydlidar_ros2_driverConfig-version.cmake
[1.950s] -- Up-to-date symlink: /home/robot/ydlidar_ros2_driver/install/ydlidar_ros2_driver/share/ydlidar_ros2_driver/package.xml
[1.953s] Invoked command in '/home/robot/ydlidar_ros2_driver/build/ydlidar_ros2_driver' returned '0': CMAKE_PREFIX_PATH=${CMAKE_PREFIX_PATH}:/opt/ros/humble /usr/bin/cmake --install /home/robot/ydlidar_ros2_driver/build/ydlidar_ros2_driver
