[0.022s] Invoking command in '/home/robot/ydlidar_ros2_driver/build/ydlidar_ros2_driver': CMAKE_PREFIX_PATH=${CMAKE_PREFIX_PATH}:/home/robot/robot_ws/install/urdf_tutorial:/opt/ros/humble /usr/bin/cmake --build /home/robot/ydlidar_ros2_driver/build/ydlidar_ros2_driver -- -j4 -l4
[0.099s] [35m[1mConsolidate compiler generated dependencies of target ydlidar_ros2_driver_client[0m
[0.116s] [ 50%] Built target ydlidar_ros2_driver_node
[0.123s] [100%] Built target ydlidar_ros2_driver_client
[0.137s] Invoked command in '/home/robot/ydlidar_ros2_driver/build/ydlidar_ros2_driver' returned '0': CMAKE_PREFIX_PATH=${CMAKE_PREFIX_PATH}:/home/robot/robot_ws/install/urdf_tutorial:/opt/ros/humble /usr/bin/cmake --build /home/robot/ydlidar_ros2_driver/build/ydlidar_ros2_driver -- -j4 -l4
[0.185s] Invoking command in '/home/robot/ydlidar_ros2_driver/build/ydlidar_ros2_driver': CMAKE_PREFIX_PATH=${CMAKE_PREFIX_PATH}:/home/robot/robot_ws/install/urdf_tutorial:/opt/ros/humble /usr/bin/cmake --install /home/robot/ydlidar_ros2_driver/build/ydlidar_ros2_driver
[0.194s] -- Install configuration: ""
[0.195s] -- Execute custom install script
[0.196s] -- Up-to-date symlink: /home/robot/ydlidar_ros2_driver/install/ydlidar_ros2_driver/lib/ydlidar_ros2_driver/ydlidar_ros2_driver_node
[0.196s] -- Up-to-date symlink: /home/robot/ydlidar_ros2_driver/install/ydlidar_ros2_driver/lib/ydlidar_ros2_driver/ydlidar_ros2_driver_client
[0.197s] -- Symlinking: /home/robot/ydlidar_ros2_driver/install/ydlidar_ros2_driver/share/ydlidar_ros2_driver/launch/__pycache__/ydlidar_launch.cpython-310.pyc
[0.207s] -- Up-to-date symlink: /home/robot/ydlidar_ros2_driver/install/ydlidar_ros2_driver/share/ydlidar_ros2_driver/launch/ydlidar.py
[0.208s] -- Up-to-date symlink: /home/robot/ydlidar_ros2_driver/install/ydlidar_ros2_driver/share/ydlidar_ros2_driver/launch/ydlidar_launch.py
[0.208s] -- Up-to-date symlink: /home/robot/ydlidar_ros2_driver/install/ydlidar_ros2_driver/share/ydlidar_ros2_driver/launch/ydlidar_launch_view.py
[0.208s] -- Up-to-date symlink: /home/robot/ydlidar_ros2_driver/install/ydlidar_ros2_driver/share/ydlidar_ros2_driver/params/G1.yaml
[0.208s] -- Up-to-date symlink: /home/robot/ydlidar_ros2_driver/install/ydlidar_ros2_driver/share/ydlidar_ros2_driver/params/G2.yaml
[0.208s] -- Up-to-date symlink: /home/robot/ydlidar_ros2_driver/install/ydlidar_ros2_driver/share/ydlidar_ros2_driver/params/G6.yaml
[0.208s] -- Up-to-date symlink: /home/robot/ydlidar_ros2_driver/install/ydlidar_ros2_driver/share/ydlidar_ros2_driver/params/GS2.yaml
[0.209s] -- Up-to-date symlink: /home/robot/ydlidar_ros2_driver/install/ydlidar_ros2_driver/share/ydlidar_ros2_driver/params/TEA.yaml
[0.209s] -- Up-to-date symlink: /home/robot/ydlidar_ros2_driver/install/ydlidar_ros2_driver/share/ydlidar_ros2_driver/params/TG.yaml
[0.209s] -- Up-to-date symlink: /home/robot/ydlidar_ros2_driver/install/ydlidar_ros2_driver/share/ydlidar_ros2_driver/params/TminiPro.yaml
[0.209s] -- Up-to-date symlink: /home/robot/ydlidar_ros2_driver/install/ydlidar_ros2_driver/share/ydlidar_ros2_driver/params/X2.yaml
[0.209s] -- Up-to-date symlink: /home/robot/ydlidar_ros2_driver/install/ydlidar_ros2_driver/share/ydlidar_ros2_driver/params/X4-Pro.yaml
[0.210s] -- Up-to-date symlink: /home/robot/ydlidar_ros2_driver/install/ydlidar_ros2_driver/share/ydlidar_ros2_driver/params/X4.yaml
[0.210s] -- Up-to-date symlink: /home/robot/ydlidar_ros2_driver/install/ydlidar_ros2_driver/share/ydlidar_ros2_driver/params/ydlidar.yaml
[0.210s] -- Up-to-date symlink: /home/robot/ydlidar_ros2_driver/install/ydlidar_ros2_driver/share/ydlidar_ros2_driver/startup/initenv.sh
[0.210s] -- Up-to-date symlink: /home/robot/ydlidar_ros2_driver/install/ydlidar_ros2_driver/share/ydlidar_ros2_driver/config/ydlidar.rviz
[0.210s] -- Up-to-date symlink: /home/robot/ydlidar_ros2_driver/install/ydlidar_ros2_driver/share/ament_index/resource_index/package_run_dependencies/ydlidar_ros2_driver
[0.210s] -- Up-to-date symlink: /home/robot/ydlidar_ros2_driver/install/ydlidar_ros2_driver/share/ament_index/resource_index/parent_prefix_path/ydlidar_ros2_driver
[0.211s] -- Up-to-date symlink: /home/robot/ydlidar_ros2_driver/install/ydlidar_ros2_driver/share/ydlidar_ros2_driver/environment/ament_prefix_path.sh
[0.211s] -- Up-to-date symlink: /home/robot/ydlidar_ros2_driver/install/ydlidar_ros2_driver/share/ydlidar_ros2_driver/environment/ament_prefix_path.dsv
[0.211s] -- Up-to-date symlink: /home/robot/ydlidar_ros2_driver/install/ydlidar_ros2_driver/share/ydlidar_ros2_driver/environment/path.sh
[0.211s] -- Up-to-date symlink: /home/robot/ydlidar_ros2_driver/install/ydlidar_ros2_driver/share/ydlidar_ros2_driver/environment/path.dsv
[0.211s] -- Up-to-date symlink: /home/robot/ydlidar_ros2_driver/install/ydlidar_ros2_driver/share/ydlidar_ros2_driver/local_setup.bash
[0.212s] -- Up-to-date symlink: /home/robot/ydlidar_ros2_driver/install/ydlidar_ros2_driver/share/ydlidar_ros2_driver/local_setup.sh
[0.212s] -- Up-to-date symlink: /home/robot/ydlidar_ros2_driver/install/ydlidar_ros2_driver/share/ydlidar_ros2_driver/local_setup.zsh
[0.212s] -- Up-to-date symlink: /home/robot/ydlidar_ros2_driver/install/ydlidar_ros2_driver/share/ydlidar_ros2_driver/local_setup.dsv
[0.212s] -- Symlinking: /home/robot/ydlidar_ros2_driver/install/ydlidar_ros2_driver/share/ydlidar_ros2_driver/package.dsv
[0.224s] -- Up-to-date symlink: /home/robot/ydlidar_ros2_driver/install/ydlidar_ros2_driver/share/ament_index/resource_index/packages/ydlidar_ros2_driver
[0.224s] -- Up-to-date symlink: /home/robot/ydlidar_ros2_driver/install/ydlidar_ros2_driver/share/ydlidar_ros2_driver/cmake/ydlidar_ros2_driverConfig.cmake
[0.224s] -- Up-to-date symlink: /home/robot/ydlidar_ros2_driver/install/ydlidar_ros2_driver/share/ydlidar_ros2_driver/cmake/ydlidar_ros2_driverConfig-version.cmake
[0.224s] -- Up-to-date symlink: /home/robot/ydlidar_ros2_driver/install/ydlidar_ros2_driver/share/ydlidar_ros2_driver/package.xml
[0.227s] Invoked command in '/home/robot/ydlidar_ros2_driver/build/ydlidar_ros2_driver' returned '0': CMAKE_PREFIX_PATH=${CMAKE_PREFIX_PATH}:/home/robot/robot_ws/install/urdf_tutorial:/opt/ros/humble /usr/bin/cmake --install /home/robot/ydlidar_ros2_driver/build/ydlidar_ros2_driver
