[1.129s] DEBUG:colcon:Command line arguments: ['/usr/bin/colcon', 'build']
[1.129s] DEBUG:colcon:Parsed command line arguments: Namespace(log_base=None, log_level=None, verb_name='build', build_base='build', install_base='install', merge_install=False, symlink_install=False, test_result_base=None, continue_on_error=False, executor='parallel', parallel_workers=4, event_handlers=None, ignore_user_meta=False, metas=['./colcon.meta'], base_paths=['.'], packages_ignore=None, packages_ignore_regex=None, paths=None, packages_up_to=None, packages_up_to_regex=None, packages_above=None, packages_above_and_dependencies=None, packages_above_depth=None, packages_select_by_dep=None, packages_skip_by_dep=None, packages_skip_up_to=None, packages_select_build_failed=False, packages_skip_build_finished=False, packages_select_test_failures=False, packages_skip_test_passed=False, packages_select=None, packages_skip=None, packages_select_regex=None, packages_skip_regex=None, packages_start=None, packages_end=None, allow_overriding=[], cmake_args=None, cmake_target=None, cmake_target_skip_unavailable=False, cmake_clean_cache=False, cmake_clean_first=False, cmake_force_configure=False, ament_cmake_args=None, catkin_cmake_args=None, catkin_skip_building_tests=False, verb_parser=<colcon_defaults.argument_parser.defaults.DefaultArgumentsDecorator object at 0x7c8b183520b0>, verb_extension=<colcon_core.verb.build.BuildVerb object at 0x7c8b18350ee0>, main=<bound method BuildVerb.main of <colcon_core.verb.build.BuildVerb object at 0x7c8b18350ee0>>)
[1.190s] Level 1:colcon.colcon_core.package_discovery:discover_packages(colcon_meta) check parameters
[1.190s] Level 1:colcon.colcon_core.package_discovery:discover_packages(recursive) check parameters
[1.190s] Level 1:colcon.colcon_core.package_discovery:discover_packages(ignore) check parameters
[1.190s] Level 1:colcon.colcon_core.package_discovery:discover_packages(path) check parameters
[1.190s] Level 1:colcon.colcon_core.package_discovery:discover_packages(colcon_meta) discover
[1.190s] Level 1:colcon.colcon_core.package_discovery:discover_packages(recursive) discover
[1.190s] INFO:colcon.colcon_core.package_discovery:Crawling recursively for packages in '/home/robot/ydlidar_ros2_driver'
[1.190s] Level 1:colcon.colcon_core.package_identification:_identify(.) by extensions ['ignore', 'ignore_ament_install']
[1.191s] Level 1:colcon.colcon_core.package_identification:_identify(.) by extension 'ignore'
[1.191s] Level 1:colcon.colcon_core.package_identification:_identify(.) by extension 'ignore_ament_install'
[1.191s] Level 1:colcon.colcon_core.package_identification:_identify(.) by extensions ['colcon_pkg']
[1.191s] Level 1:colcon.colcon_core.package_identification:_identify(.) by extension 'colcon_pkg'
[1.191s] Level 1:colcon.colcon_core.package_identification:_identify(.) by extensions ['colcon_meta']
[1.191s] Level 1:colcon.colcon_core.package_identification:_identify(.) by extension 'colcon_meta'
[1.191s] Level 1:colcon.colcon_core.package_identification:_identify(.) by extensions ['ros']
[1.191s] Level 1:colcon.colcon_core.package_identification:_identify(.) by extension 'ros'
[1.207s] DEBUG:colcon.colcon_core.package_identification:Package '.' with type 'ros.ament_cmake' and name 'ydlidar_ros2_driver'
[1.207s] Level 1:colcon.colcon_core.package_discovery:discover_packages(recursive) using defaults
[1.208s] Level 1:colcon.colcon_core.package_discovery:discover_packages(ignore) discover
[1.208s] Level 1:colcon.colcon_core.package_discovery:discover_packages(ignore) using defaults
[1.208s] Level 1:colcon.colcon_core.package_discovery:discover_packages(path) discover
[1.208s] Level 1:colcon.colcon_core.package_discovery:discover_packages(path) using defaults
[1.318s] Level 1:colcon.colcon_core.package_discovery:discover_packages(prefix_path) check parameters
[1.318s] Level 1:colcon.colcon_core.package_discovery:discover_packages(prefix_path) discover
[1.354s] DEBUG:colcon.colcon_installed_package_information.package_discovery:Found 1 installed packages in /home/robot/ldlidar_ros2_ws/install
[1.382s] DEBUG:colcon.colcon_installed_package_information.package_discovery:Found 1 installed packages in /home/robot/ydlidar_ros2_driver/install
[1.399s] DEBUG:colcon.colcon_installed_package_information.package_discovery:Found 1 installed packages in /home/robot/install
[1.416s] DEBUG:colcon.colcon_installed_package_information.package_discovery:Found 13 installed packages in /home/robot/turtlebot3_ws/install
[1.434s] DEBUG:colcon.colcon_installed_package_information.package_discovery:Found 4 installed packages in /home/robot/ros2_ws/install
[1.451s] DEBUG:colcon.colcon_installed_package_information.package_discovery:Found 18 installed packages in /home/robot/robot_ws/install
[1.471s] DEBUG:colcon.colcon_installed_package_information.package_discovery:Found 400 installed packages in /opt/ros/humble
[1.474s] Level 1:colcon.colcon_core.package_discovery:discover_packages(prefix_path) using defaults
[1.596s] Level 5:colcon.colcon_core.verb:set package 'ydlidar_ros2_driver' build argument 'cmake_args' from command line to 'None'
[1.596s] Level 5:colcon.colcon_core.verb:set package 'ydlidar_ros2_driver' build argument 'cmake_target' from command line to 'None'
[1.596s] Level 5:colcon.colcon_core.verb:set package 'ydlidar_ros2_driver' build argument 'cmake_target_skip_unavailable' from command line to 'False'
[1.597s] Level 5:colcon.colcon_core.verb:set package 'ydlidar_ros2_driver' build argument 'cmake_clean_cache' from command line to 'False'
[1.597s] Level 5:colcon.colcon_core.verb:set package 'ydlidar_ros2_driver' build argument 'cmake_clean_first' from command line to 'False'
[1.597s] Level 5:colcon.colcon_core.verb:set package 'ydlidar_ros2_driver' build argument 'cmake_force_configure' from command line to 'False'
[1.597s] Level 5:colcon.colcon_core.verb:set package 'ydlidar_ros2_driver' build argument 'ament_cmake_args' from command line to 'None'
[1.597s] Level 5:colcon.colcon_core.verb:set package 'ydlidar_ros2_driver' build argument 'catkin_cmake_args' from command line to 'None'
[1.597s] Level 5:colcon.colcon_core.verb:set package 'ydlidar_ros2_driver' build argument 'catkin_skip_building_tests' from command line to 'False'
[1.597s] DEBUG:colcon.colcon_core.verb:Building package 'ydlidar_ros2_driver' with the following arguments: {'ament_cmake_args': None, 'build_base': '/home/robot/ydlidar_ros2_driver/build/ydlidar_ros2_driver', 'catkin_cmake_args': None, 'catkin_skip_building_tests': False, 'cmake_args': None, 'cmake_clean_cache': False, 'cmake_clean_first': False, 'cmake_force_configure': False, 'cmake_target': None, 'cmake_target_skip_unavailable': False, 'install_base': '/home/robot/ydlidar_ros2_driver/install/ydlidar_ros2_driver', 'merge_install': False, 'path': '/home/robot/ydlidar_ros2_driver', 'symlink_install': False, 'test_result_base': None}
[1.613s] INFO:colcon.colcon_core.executor:Executing jobs using 'parallel' executor
[1.630s] DEBUG:colcon.colcon_parallel_executor.executor.parallel:run_until_complete
[1.630s] INFO:colcon.colcon_ros.task.ament_cmake.build:Building ROS package in '/home/robot/ydlidar_ros2_driver' with build type 'ament_cmake'
[1.630s] INFO:colcon.colcon_cmake.task.cmake.build:Building CMake package in '/home/robot/ydlidar_ros2_driver'
[1.649s] INFO:colcon.colcon_core.plugin_system:Skipping extension 'colcon_core.shell.bat': Not used on non-Windows systems
[1.650s] INFO:colcon.colcon_core.shell:Skip shell extension 'powershell' for command environment: Not usable outside of PowerShell
[1.650s] DEBUG:colcon.colcon_core.shell:Skip shell extension 'dsv' for command environment
[1.816s] DEBUG:colcon.colcon_core.event_handler.log_command:Invoking command in '/home/robot/ydlidar_ros2_driver/build/ydlidar_ros2_driver': CMAKE_PREFIX_PATH=${CMAKE_PREFIX_PATH}:/home/robot/robot_ws/install/urdf_tutorial:/home/robot/turtlebot3_ws/install/turtlebot3_teleop:/home/robot/turtlebot3_ws/install/turtlebot3_example:/opt/ros/humble /usr/bin/cmake --build /home/robot/ydlidar_ros2_driver/build/ydlidar_ros2_driver -- -j4 -l4
[8.705s] DEBUG:colcon.colcon_core.event_handler.log_command:Invoked command in '/home/robot/ydlidar_ros2_driver/build/ydlidar_ros2_driver' returned '0': CMAKE_PREFIX_PATH=${CMAKE_PREFIX_PATH}:/home/robot/robot_ws/install/urdf_tutorial:/home/robot/turtlebot3_ws/install/turtlebot3_teleop:/home/robot/turtlebot3_ws/install/turtlebot3_example:/opt/ros/humble /usr/bin/cmake --build /home/robot/ydlidar_ros2_driver/build/ydlidar_ros2_driver -- -j4 -l4
[8.748s] DEBUG:colcon.colcon_core.event_handler.log_command:Invoking command in '/home/robot/ydlidar_ros2_driver/build/ydlidar_ros2_driver': CMAKE_PREFIX_PATH=${CMAKE_PREFIX_PATH}:/home/robot/robot_ws/install/urdf_tutorial:/home/robot/turtlebot3_ws/install/turtlebot3_teleop:/home/robot/turtlebot3_ws/install/turtlebot3_example:/opt/ros/humble /usr/bin/cmake --install /home/robot/ydlidar_ros2_driver/build/ydlidar_ros2_driver
[8.776s] Level 1:colcon.colcon_core.environment:create_environment_scripts_only(ydlidar_ros2_driver)
[8.777s] DEBUG:colcon.colcon_core.event_handler.log_command:Invoked command in '/home/robot/ydlidar_ros2_driver/build/ydlidar_ros2_driver' returned '0': CMAKE_PREFIX_PATH=${CMAKE_PREFIX_PATH}:/home/robot/robot_ws/install/urdf_tutorial:/home/robot/turtlebot3_ws/install/turtlebot3_teleop:/home/robot/turtlebot3_ws/install/turtlebot3_example:/opt/ros/humble /usr/bin/cmake --install /home/robot/ydlidar_ros2_driver/build/ydlidar_ros2_driver
[8.800s] Level 1:colcon.colcon_core.environment:checking '/home/robot/ydlidar_ros2_driver/install/ydlidar_ros2_driver' for CMake module files
[8.801s] Level 1:colcon.colcon_core.environment:checking '/home/robot/ydlidar_ros2_driver/install/ydlidar_ros2_driver' for CMake config files
[8.801s] Level 1:colcon.colcon_core.shell:create_environment_hook('ydlidar_ros2_driver', 'cmake_prefix_path')
[8.819s] INFO:colcon.colcon_core.shell:Creating environment hook '/home/robot/ydlidar_ros2_driver/install/ydlidar_ros2_driver/share/ydlidar_ros2_driver/hook/cmake_prefix_path.ps1'
[8.820s] INFO:colcon.colcon_core.shell:Creating environment descriptor '/home/robot/ydlidar_ros2_driver/install/ydlidar_ros2_driver/share/ydlidar_ros2_driver/hook/cmake_prefix_path.dsv'
[8.820s] INFO:colcon.colcon_core.shell:Creating environment hook '/home/robot/ydlidar_ros2_driver/install/ydlidar_ros2_driver/share/ydlidar_ros2_driver/hook/cmake_prefix_path.sh'
[8.821s] Level 1:colcon.colcon_core.environment:checking '/home/robot/ydlidar_ros2_driver/install/ydlidar_ros2_driver/lib'
[8.822s] Level 1:colcon.colcon_core.environment:checking '/home/robot/ydlidar_ros2_driver/install/ydlidar_ros2_driver/bin'
[8.822s] Level 1:colcon.colcon_core.environment:checking '/home/robot/ydlidar_ros2_driver/install/ydlidar_ros2_driver/lib/pkgconfig/ydlidar_ros2_driver.pc'
[8.822s] Level 1:colcon.colcon_core.environment:checking '/home/robot/ydlidar_ros2_driver/install/ydlidar_ros2_driver/lib/python3.10/site-packages'
[8.822s] Level 1:colcon.colcon_core.environment:checking '/home/robot/ydlidar_ros2_driver/install/ydlidar_ros2_driver/bin'
[8.844s] INFO:colcon.colcon_core.shell:Creating package script '/home/robot/ydlidar_ros2_driver/install/ydlidar_ros2_driver/share/ydlidar_ros2_driver/package.ps1'
[8.844s] INFO:colcon.colcon_core.shell:Creating package descriptor '/home/robot/ydlidar_ros2_driver/install/ydlidar_ros2_driver/share/ydlidar_ros2_driver/package.dsv'
[8.845s] INFO:colcon.colcon_core.shell:Creating package script '/home/robot/ydlidar_ros2_driver/install/ydlidar_ros2_driver/share/ydlidar_ros2_driver/package.sh'
[8.846s] INFO:colcon.colcon_core.shell:Creating package script '/home/robot/ydlidar_ros2_driver/install/ydlidar_ros2_driver/share/ydlidar_ros2_driver/package.bash'
[8.847s] INFO:colcon.colcon_core.shell:Creating package script '/home/robot/ydlidar_ros2_driver/install/ydlidar_ros2_driver/share/ydlidar_ros2_driver/package.zsh'
[8.847s] Level 1:colcon.colcon_core.environment:create_file_with_runtime_dependencies(/home/robot/ydlidar_ros2_driver/install/ydlidar_ros2_driver/share/colcon-core/packages/ydlidar_ros2_driver)
[8.901s] Level 1:colcon.colcon_core.environment:create_environment_scripts_only(ydlidar_ros2_driver)
[8.923s] Level 1:colcon.colcon_core.environment:checking '/home/robot/ydlidar_ros2_driver/install/ydlidar_ros2_driver' for CMake module files
[8.924s] Level 1:colcon.colcon_core.environment:checking '/home/robot/ydlidar_ros2_driver/install/ydlidar_ros2_driver' for CMake config files
[8.925s] Level 1:colcon.colcon_core.shell:create_environment_hook('ydlidar_ros2_driver', 'cmake_prefix_path')
[8.948s] INFO:colcon.colcon_core.shell:Creating environment hook '/home/robot/ydlidar_ros2_driver/install/ydlidar_ros2_driver/share/ydlidar_ros2_driver/hook/cmake_prefix_path.ps1'
[8.949s] INFO:colcon.colcon_core.shell:Creating environment descriptor '/home/robot/ydlidar_ros2_driver/install/ydlidar_ros2_driver/share/ydlidar_ros2_driver/hook/cmake_prefix_path.dsv'
[8.949s] INFO:colcon.colcon_core.shell:Creating environment hook '/home/robot/ydlidar_ros2_driver/install/ydlidar_ros2_driver/share/ydlidar_ros2_driver/hook/cmake_prefix_path.sh'
[8.950s] Level 1:colcon.colcon_core.environment:checking '/home/robot/ydlidar_ros2_driver/install/ydlidar_ros2_driver/lib'
[8.950s] Level 1:colcon.colcon_core.environment:checking '/home/robot/ydlidar_ros2_driver/install/ydlidar_ros2_driver/bin'
[8.950s] Level 1:colcon.colcon_core.environment:checking '/home/robot/ydlidar_ros2_driver/install/ydlidar_ros2_driver/lib/pkgconfig/ydlidar_ros2_driver.pc'
[8.951s] Level 1:colcon.colcon_core.environment:checking '/home/robot/ydlidar_ros2_driver/install/ydlidar_ros2_driver/lib/python3.10/site-packages'
[8.951s] Level 1:colcon.colcon_core.environment:checking '/home/robot/ydlidar_ros2_driver/install/ydlidar_ros2_driver/bin'
[8.971s] INFO:colcon.colcon_core.shell:Creating package script '/home/robot/ydlidar_ros2_driver/install/ydlidar_ros2_driver/share/ydlidar_ros2_driver/package.ps1'
[8.972s] INFO:colcon.colcon_core.shell:Creating package descriptor '/home/robot/ydlidar_ros2_driver/install/ydlidar_ros2_driver/share/ydlidar_ros2_driver/package.dsv'
[8.973s] INFO:colcon.colcon_core.shell:Creating package script '/home/robot/ydlidar_ros2_driver/install/ydlidar_ros2_driver/share/ydlidar_ros2_driver/package.sh'
[8.973s] INFO:colcon.colcon_core.shell:Creating package script '/home/robot/ydlidar_ros2_driver/install/ydlidar_ros2_driver/share/ydlidar_ros2_driver/package.bash'
[8.974s] INFO:colcon.colcon_core.shell:Creating package script '/home/robot/ydlidar_ros2_driver/install/ydlidar_ros2_driver/share/ydlidar_ros2_driver/package.zsh'
[8.975s] Level 1:colcon.colcon_core.environment:create_file_with_runtime_dependencies(/home/robot/ydlidar_ros2_driver/install/ydlidar_ros2_driver/share/colcon-core/packages/ydlidar_ros2_driver)
[8.975s] DEBUG:colcon.colcon_parallel_executor.executor.parallel:closing loop
[8.976s] DEBUG:colcon.colcon_parallel_executor.executor.parallel:loop closed
[8.976s] DEBUG:colcon.colcon_parallel_executor.executor.parallel:run_until_complete finished with '0'
[8.976s] DEBUG:colcon.colcon_core.event_reactor:joining thread
[9.000s] INFO:colcon.colcon_core.plugin_system:Skipping extension 'colcon_notification.desktop_notification.terminal_notifier': Not used on non-Darwin systems
[9.000s] INFO:colcon.colcon_core.plugin_system:Skipping extension 'colcon_notification.desktop_notification.win32': Not used on non-Windows systems
[9.000s] INFO:colcon.colcon_notification.desktop_notification:Sending desktop notification using 'notify2'
[9.013s] DEBUG:colcon.colcon_core.event_reactor:joined thread
[9.031s] INFO:colcon.colcon_core.shell:Creating prefix script '/home/robot/ydlidar_ros2_driver/install/local_setup.ps1'
[9.032s] INFO:colcon.colcon_core.shell:Creating prefix util module '/home/robot/ydlidar_ros2_driver/install/_local_setup_util_ps1.py'
[9.034s] INFO:colcon.colcon_core.shell:Creating prefix chain script '/home/robot/ydlidar_ros2_driver/install/setup.ps1'
[9.052s] INFO:colcon.colcon_core.shell:Creating prefix script '/home/robot/ydlidar_ros2_driver/install/local_setup.sh'
[9.052s] INFO:colcon.colcon_core.shell:Creating prefix util module '/home/robot/ydlidar_ros2_driver/install/_local_setup_util_sh.py'
[9.053s] INFO:colcon.colcon_core.shell:Creating prefix chain script '/home/robot/ydlidar_ros2_driver/install/setup.sh'
[9.071s] INFO:colcon.colcon_core.shell:Creating prefix script '/home/robot/ydlidar_ros2_driver/install/local_setup.bash'
[9.072s] INFO:colcon.colcon_core.shell:Creating prefix chain script '/home/robot/ydlidar_ros2_driver/install/setup.bash'
[9.090s] INFO:colcon.colcon_core.shell:Creating prefix script '/home/robot/ydlidar_ros2_driver/install/local_setup.zsh'
[9.091s] INFO:colcon.colcon_core.shell:Creating prefix chain script '/home/robot/ydlidar_ros2_driver/install/setup.zsh'
