[1.108s] DEBUG:colcon:Command line arguments: ['/usr/bin/colcon', 'build']
[1.108s] DEBUG:colcon:Parsed command line arguments: Namespace(log_base=None, log_level=None, verb_name='build', build_base='build', install_base='install', merge_install=False, symlink_install=False, test_result_base=None, continue_on_error=False, executor='parallel', parallel_workers=4, event_handlers=None, ignore_user_meta=False, metas=['./colcon.meta'], base_paths=['.'], packages_ignore=None, packages_ignore_regex=None, paths=None, packages_up_to=None, packages_up_to_regex=None, packages_above=None, packages_above_and_dependencies=None, packages_above_depth=None, packages_select_by_dep=None, packages_skip_by_dep=None, packages_skip_up_to=None, packages_select_build_failed=False, packages_skip_build_finished=False, packages_select_test_failures=False, packages_skip_test_passed=False, packages_select=None, packages_skip=None, packages_select_regex=None, packages_skip_regex=None, packages_start=None, packages_end=None, allow_overriding=[], cmake_args=None, cmake_target=None, cmake_target_skip_unavailable=False, cmake_clean_cache=False, cmake_clean_first=False, cmake_force_configure=False, ament_cmake_args=None, catkin_cmake_args=None, catkin_skip_building_tests=False, verb_parser=<colcon_defaults.argument_parser.defaults.DefaultArgumentsDecorator object at 0x7a65c5c4ce80>, verb_extension=<colcon_core.verb.build.BuildVerb object at 0x7a65c5c4e0e0>, main=<bound method BuildVerb.main of <colcon_core.verb.build.BuildVerb object at 0x7a65c5c4e0e0>>)
[1.159s] Level 1:colcon.colcon_core.package_discovery:discover_packages(colcon_meta) check parameters
[1.159s] Level 1:colcon.colcon_core.package_discovery:discover_packages(recursive) check parameters
[1.159s] Level 1:colcon.colcon_core.package_discovery:discover_packages(ignore) check parameters
[1.159s] Level 1:colcon.colcon_core.package_discovery:discover_packages(path) check parameters
[1.159s] Level 1:colcon.colcon_core.package_discovery:discover_packages(colcon_meta) discover
[1.159s] Level 1:colcon.colcon_core.package_discovery:discover_packages(recursive) discover
[1.159s] INFO:colcon.colcon_core.package_discovery:Crawling recursively for packages in '/home/robot/ydlidar_ros2_driver'
[1.159s] Level 1:colcon.colcon_core.package_identification:_identify(.) by extensions ['ignore', 'ignore_ament_install']
[1.160s] Level 1:colcon.colcon_core.package_identification:_identify(.) by extension 'ignore'
[1.160s] Level 1:colcon.colcon_core.package_identification:_identify(.) by extension 'ignore_ament_install'
[1.160s] Level 1:colcon.colcon_core.package_identification:_identify(.) by extensions ['colcon_pkg']
[1.160s] Level 1:colcon.colcon_core.package_identification:_identify(.) by extension 'colcon_pkg'
[1.160s] Level 1:colcon.colcon_core.package_identification:_identify(.) by extensions ['colcon_meta']
[1.160s] Level 1:colcon.colcon_core.package_identification:_identify(.) by extension 'colcon_meta'
[1.160s] Level 1:colcon.colcon_core.package_identification:_identify(.) by extensions ['ros']
[1.160s] Level 1:colcon.colcon_core.package_identification:_identify(.) by extension 'ros'
[1.174s] DEBUG:colcon.colcon_core.package_identification:Package '.' with type 'ros.ament_cmake' and name 'ydlidar_ros2_driver'
[1.174s] Level 1:colcon.colcon_core.package_discovery:discover_packages(recursive) using defaults
[1.174s] Level 1:colcon.colcon_core.package_discovery:discover_packages(ignore) discover
[1.174s] Level 1:colcon.colcon_core.package_discovery:discover_packages(ignore) using defaults
[1.174s] Level 1:colcon.colcon_core.package_discovery:discover_packages(path) discover
[1.175s] Level 1:colcon.colcon_core.package_discovery:discover_packages(path) using defaults
[1.279s] Level 1:colcon.colcon_core.package_discovery:discover_packages(prefix_path) check parameters
[1.279s] Level 1:colcon.colcon_core.package_discovery:discover_packages(prefix_path) discover
[1.313s] DEBUG:colcon.colcon_installed_package_information.package_discovery:Found 1 installed packages in /home/robot/ldlidar_ros2_ws/install
[1.340s] DEBUG:colcon.colcon_installed_package_information.package_discovery:Found 1 installed packages in /home/robot/ydlidar_ros2_driver/install
[1.356s] DEBUG:colcon.colcon_installed_package_information.package_discovery:Found 1 installed packages in /home/robot/install
[1.374s] DEBUG:colcon.colcon_installed_package_information.package_discovery:Found 13 installed packages in /home/robot/turtlebot3_ws/install
[1.390s] DEBUG:colcon.colcon_installed_package_information.package_discovery:Found 4 installed packages in /home/robot/ros2_ws/install
[1.407s] DEBUG:colcon.colcon_installed_package_information.package_discovery:Found 18 installed packages in /home/robot/robot_ws/install
[1.424s] DEBUG:colcon.colcon_installed_package_information.package_discovery:Found 400 installed packages in /opt/ros/humble
[1.427s] Level 1:colcon.colcon_core.package_discovery:discover_packages(prefix_path) using defaults
[1.543s] Level 5:colcon.colcon_core.verb:set package 'ydlidar_ros2_driver' build argument 'cmake_args' from command line to 'None'
[1.543s] Level 5:colcon.colcon_core.verb:set package 'ydlidar_ros2_driver' build argument 'cmake_target' from command line to 'None'
[1.543s] Level 5:colcon.colcon_core.verb:set package 'ydlidar_ros2_driver' build argument 'cmake_target_skip_unavailable' from command line to 'False'
[1.543s] Level 5:colcon.colcon_core.verb:set package 'ydlidar_ros2_driver' build argument 'cmake_clean_cache' from command line to 'False'
[1.543s] Level 5:colcon.colcon_core.verb:set package 'ydlidar_ros2_driver' build argument 'cmake_clean_first' from command line to 'False'
[1.543s] Level 5:colcon.colcon_core.verb:set package 'ydlidar_ros2_driver' build argument 'cmake_force_configure' from command line to 'False'
[1.543s] Level 5:colcon.colcon_core.verb:set package 'ydlidar_ros2_driver' build argument 'ament_cmake_args' from command line to 'None'
[1.543s] Level 5:colcon.colcon_core.verb:set package 'ydlidar_ros2_driver' build argument 'catkin_cmake_args' from command line to 'None'
[1.543s] Level 5:colcon.colcon_core.verb:set package 'ydlidar_ros2_driver' build argument 'catkin_skip_building_tests' from command line to 'False'
[1.543s] DEBUG:colcon.colcon_core.verb:Building package 'ydlidar_ros2_driver' with the following arguments: {'ament_cmake_args': None, 'build_base': '/home/robot/ydlidar_ros2_driver/build/ydlidar_ros2_driver', 'catkin_cmake_args': None, 'catkin_skip_building_tests': False, 'cmake_args': None, 'cmake_clean_cache': False, 'cmake_clean_first': False, 'cmake_force_configure': False, 'cmake_target': None, 'cmake_target_skip_unavailable': False, 'install_base': '/home/robot/ydlidar_ros2_driver/install/ydlidar_ros2_driver', 'merge_install': False, 'path': '/home/robot/ydlidar_ros2_driver', 'symlink_install': False, 'test_result_base': None}
[1.561s] INFO:colcon.colcon_core.executor:Executing jobs using 'parallel' executor
[1.577s] DEBUG:colcon.colcon_parallel_executor.executor.parallel:run_until_complete
[1.578s] INFO:colcon.colcon_ros.task.ament_cmake.build:Building ROS package in '/home/robot/ydlidar_ros2_driver' with build type 'ament_cmake'
[1.578s] INFO:colcon.colcon_cmake.task.cmake.build:Building CMake package in '/home/robot/ydlidar_ros2_driver'
[1.597s] INFO:colcon.colcon_core.plugin_system:Skipping extension 'colcon_core.shell.bat': Not used on non-Windows systems
[1.597s] INFO:colcon.colcon_core.shell:Skip shell extension 'powershell' for command environment: Not usable outside of PowerShell
[1.597s] DEBUG:colcon.colcon_core.shell:Skip shell extension 'dsv' for command environment
[1.755s] DEBUG:colcon.colcon_core.event_handler.log_command:Invoking command in '/home/robot/ydlidar_ros2_driver/build/ydlidar_ros2_driver': CMAKE_PREFIX_PATH=${CMAKE_PREFIX_PATH}:/home/robot/robot_ws/install/urdf_tutorial:/home/robot/turtlebot3_ws/install/turtlebot3_teleop:/home/robot/turtlebot3_ws/install/turtlebot3_example:/opt/ros/humble /usr/bin/cmake --build /home/robot/ydlidar_ros2_driver/build/ydlidar_ros2_driver -- -j4 -l4
[1.836s] DEBUG:colcon.colcon_core.event_handler.log_command:Invoked command in '/home/robot/ydlidar_ros2_driver/build/ydlidar_ros2_driver' returned '0': CMAKE_PREFIX_PATH=${CMAKE_PREFIX_PATH}:/home/robot/robot_ws/install/urdf_tutorial:/home/robot/turtlebot3_ws/install/turtlebot3_teleop:/home/robot/turtlebot3_ws/install/turtlebot3_example:/opt/ros/humble /usr/bin/cmake --build /home/robot/ydlidar_ros2_driver/build/ydlidar_ros2_driver -- -j4 -l4
[1.883s] DEBUG:colcon.colcon_core.event_handler.log_command:Invoking command in '/home/robot/ydlidar_ros2_driver/build/ydlidar_ros2_driver': CMAKE_PREFIX_PATH=${CMAKE_PREFIX_PATH}:/home/robot/robot_ws/install/urdf_tutorial:/home/robot/turtlebot3_ws/install/turtlebot3_teleop:/home/robot/turtlebot3_ws/install/turtlebot3_example:/opt/ros/humble /usr/bin/cmake --install /home/robot/ydlidar_ros2_driver/build/ydlidar_ros2_driver
[1.916s] Level 1:colcon.colcon_core.environment:create_environment_scripts_only(ydlidar_ros2_driver)
[1.917s] DEBUG:colcon.colcon_core.event_handler.log_command:Invoked command in '/home/robot/ydlidar_ros2_driver/build/ydlidar_ros2_driver' returned '0': CMAKE_PREFIX_PATH=${CMAKE_PREFIX_PATH}:/home/robot/robot_ws/install/urdf_tutorial:/home/robot/turtlebot3_ws/install/turtlebot3_teleop:/home/robot/turtlebot3_ws/install/turtlebot3_example:/opt/ros/humble /usr/bin/cmake --install /home/robot/ydlidar_ros2_driver/build/ydlidar_ros2_driver
[1.936s] Level 1:colcon.colcon_core.environment:checking '/home/robot/ydlidar_ros2_driver/install/ydlidar_ros2_driver' for CMake module files
[1.937s] Level 1:colcon.colcon_core.environment:checking '/home/robot/ydlidar_ros2_driver/install/ydlidar_ros2_driver' for CMake config files
[1.937s] Level 1:colcon.colcon_core.shell:create_environment_hook('ydlidar_ros2_driver', 'cmake_prefix_path')
[1.954s] INFO:colcon.colcon_core.shell:Creating environment hook '/home/robot/ydlidar_ros2_driver/install/ydlidar_ros2_driver/share/ydlidar_ros2_driver/hook/cmake_prefix_path.ps1'
[1.954s] INFO:colcon.colcon_core.shell:Creating environment descriptor '/home/robot/ydlidar_ros2_driver/install/ydlidar_ros2_driver/share/ydlidar_ros2_driver/hook/cmake_prefix_path.dsv'
[1.955s] INFO:colcon.colcon_core.shell:Creating environment hook '/home/robot/ydlidar_ros2_driver/install/ydlidar_ros2_driver/share/ydlidar_ros2_driver/hook/cmake_prefix_path.sh'
[1.956s] Level 1:colcon.colcon_core.environment:checking '/home/robot/ydlidar_ros2_driver/install/ydlidar_ros2_driver/lib'
[1.956s] Level 1:colcon.colcon_core.environment:checking '/home/robot/ydlidar_ros2_driver/install/ydlidar_ros2_driver/bin'
[1.956s] Level 1:colcon.colcon_core.environment:checking '/home/robot/ydlidar_ros2_driver/install/ydlidar_ros2_driver/lib/pkgconfig/ydlidar_ros2_driver.pc'
[1.956s] Level 1:colcon.colcon_core.environment:checking '/home/robot/ydlidar_ros2_driver/install/ydlidar_ros2_driver/lib/python3.10/site-packages'
[1.957s] Level 1:colcon.colcon_core.environment:checking '/home/robot/ydlidar_ros2_driver/install/ydlidar_ros2_driver/bin'
[1.975s] INFO:colcon.colcon_core.shell:Creating package script '/home/robot/ydlidar_ros2_driver/install/ydlidar_ros2_driver/share/ydlidar_ros2_driver/package.ps1'
[1.976s] INFO:colcon.colcon_core.shell:Creating package descriptor '/home/robot/ydlidar_ros2_driver/install/ydlidar_ros2_driver/share/ydlidar_ros2_driver/package.dsv'
[1.977s] INFO:colcon.colcon_core.shell:Creating package script '/home/robot/ydlidar_ros2_driver/install/ydlidar_ros2_driver/share/ydlidar_ros2_driver/package.sh'
[1.978s] INFO:colcon.colcon_core.shell:Creating package script '/home/robot/ydlidar_ros2_driver/install/ydlidar_ros2_driver/share/ydlidar_ros2_driver/package.bash'
[1.979s] INFO:colcon.colcon_core.shell:Creating package script '/home/robot/ydlidar_ros2_driver/install/ydlidar_ros2_driver/share/ydlidar_ros2_driver/package.zsh'
[1.979s] Level 1:colcon.colcon_core.environment:create_file_with_runtime_dependencies(/home/robot/ydlidar_ros2_driver/install/ydlidar_ros2_driver/share/colcon-core/packages/ydlidar_ros2_driver)
[2.026s] Level 1:colcon.colcon_core.environment:create_environment_scripts_only(ydlidar_ros2_driver)
[2.042s] Level 1:colcon.colcon_core.environment:checking '/home/robot/ydlidar_ros2_driver/install/ydlidar_ros2_driver' for CMake module files
[2.042s] Level 1:colcon.colcon_core.environment:checking '/home/robot/ydlidar_ros2_driver/install/ydlidar_ros2_driver' for CMake config files
[2.043s] Level 1:colcon.colcon_core.shell:create_environment_hook('ydlidar_ros2_driver', 'cmake_prefix_path')
[2.059s] INFO:colcon.colcon_core.shell:Creating environment hook '/home/robot/ydlidar_ros2_driver/install/ydlidar_ros2_driver/share/ydlidar_ros2_driver/hook/cmake_prefix_path.ps1'
[2.059s] INFO:colcon.colcon_core.shell:Creating environment descriptor '/home/robot/ydlidar_ros2_driver/install/ydlidar_ros2_driver/share/ydlidar_ros2_driver/hook/cmake_prefix_path.dsv'
[2.060s] INFO:colcon.colcon_core.shell:Creating environment hook '/home/robot/ydlidar_ros2_driver/install/ydlidar_ros2_driver/share/ydlidar_ros2_driver/hook/cmake_prefix_path.sh'
[2.060s] Level 1:colcon.colcon_core.environment:checking '/home/robot/ydlidar_ros2_driver/install/ydlidar_ros2_driver/lib'
[2.060s] Level 1:colcon.colcon_core.environment:checking '/home/robot/ydlidar_ros2_driver/install/ydlidar_ros2_driver/bin'
[2.060s] Level 1:colcon.colcon_core.environment:checking '/home/robot/ydlidar_ros2_driver/install/ydlidar_ros2_driver/lib/pkgconfig/ydlidar_ros2_driver.pc'
[2.061s] Level 1:colcon.colcon_core.environment:checking '/home/robot/ydlidar_ros2_driver/install/ydlidar_ros2_driver/lib/python3.10/site-packages'
[2.061s] Level 1:colcon.colcon_core.environment:checking '/home/robot/ydlidar_ros2_driver/install/ydlidar_ros2_driver/bin'
[2.080s] INFO:colcon.colcon_core.shell:Creating package script '/home/robot/ydlidar_ros2_driver/install/ydlidar_ros2_driver/share/ydlidar_ros2_driver/package.ps1'
[2.081s] INFO:colcon.colcon_core.shell:Creating package descriptor '/home/robot/ydlidar_ros2_driver/install/ydlidar_ros2_driver/share/ydlidar_ros2_driver/package.dsv'
[2.081s] INFO:colcon.colcon_core.shell:Creating package script '/home/robot/ydlidar_ros2_driver/install/ydlidar_ros2_driver/share/ydlidar_ros2_driver/package.sh'
[2.082s] INFO:colcon.colcon_core.shell:Creating package script '/home/robot/ydlidar_ros2_driver/install/ydlidar_ros2_driver/share/ydlidar_ros2_driver/package.bash'
[2.082s] INFO:colcon.colcon_core.shell:Creating package script '/home/robot/ydlidar_ros2_driver/install/ydlidar_ros2_driver/share/ydlidar_ros2_driver/package.zsh'
[2.083s] Level 1:colcon.colcon_core.environment:create_file_with_runtime_dependencies(/home/robot/ydlidar_ros2_driver/install/ydlidar_ros2_driver/share/colcon-core/packages/ydlidar_ros2_driver)
[2.083s] DEBUG:colcon.colcon_parallel_executor.executor.parallel:closing loop
[2.083s] DEBUG:colcon.colcon_parallel_executor.executor.parallel:loop closed
[2.083s] DEBUG:colcon.colcon_parallel_executor.executor.parallel:run_until_complete finished with '0'
[2.083s] DEBUG:colcon.colcon_core.event_reactor:joining thread
[2.108s] INFO:colcon.colcon_core.plugin_system:Skipping extension 'colcon_notification.desktop_notification.terminal_notifier': Not used on non-Darwin systems
[2.108s] INFO:colcon.colcon_core.plugin_system:Skipping extension 'colcon_notification.desktop_notification.win32': Not used on non-Windows systems
[2.108s] INFO:colcon.colcon_notification.desktop_notification:Sending desktop notification using 'notify2'
[2.121s] DEBUG:colcon.colcon_core.event_reactor:joined thread
[2.138s] INFO:colcon.colcon_core.shell:Creating prefix script '/home/robot/ydlidar_ros2_driver/install/local_setup.ps1'
[2.140s] INFO:colcon.colcon_core.shell:Creating prefix util module '/home/robot/ydlidar_ros2_driver/install/_local_setup_util_ps1.py'
[2.141s] INFO:colcon.colcon_core.shell:Creating prefix chain script '/home/robot/ydlidar_ros2_driver/install/setup.ps1'
[2.161s] INFO:colcon.colcon_core.shell:Creating prefix script '/home/robot/ydlidar_ros2_driver/install/local_setup.sh'
[2.162s] INFO:colcon.colcon_core.shell:Creating prefix util module '/home/robot/ydlidar_ros2_driver/install/_local_setup_util_sh.py'
[2.162s] INFO:colcon.colcon_core.shell:Creating prefix chain script '/home/robot/ydlidar_ros2_driver/install/setup.sh'
[2.183s] INFO:colcon.colcon_core.shell:Creating prefix script '/home/robot/ydlidar_ros2_driver/install/local_setup.bash'
[2.183s] INFO:colcon.colcon_core.shell:Creating prefix chain script '/home/robot/ydlidar_ros2_driver/install/setup.bash'
[2.202s] INFO:colcon.colcon_core.shell:Creating prefix script '/home/robot/ydlidar_ros2_driver/install/local_setup.zsh'
[2.203s] INFO:colcon.colcon_core.shell:Creating prefix chain script '/home/robot/ydlidar_ros2_driver/install/setup.zsh'
